Mplus VERSION 8.4
MUTHEN & MUTHEN
11/18/2020  11:14 PM

INPUT INSTRUCTIONS

  Title:
    Stata2Mplus conversion for C:\Users\pkb16122\Dropbox\Grants and Applications\VaccineUKRI
    List of variables converted shown below

    id : New Panel ID
    W8wave6 :
    w6vax1 : Getting vaccines is a good way to protect children from disease.

    w6vax2 : Generally I do what my doctor recommends about vaccines.

    w6vax3 : New vaccines are recommended only if they are safe.

    w6vax4 : Children do not need vaccines for diseases that are not common anymore.

    w6vax5 : Enough children are vaccinated that even unvaccinated children are safe from di

    w6vax6 : I am concerned about serious side effects of vaccines.

    w6vax7 : Some vaccines cause autism in healthy children.

    w6vax8 : Parents should have the right to refuse vaccines required for schools for any r

    w6vax9 : The risks vaccinations pose to children outweigh their health benefits.


    w6vax10 : Vaccinations are one of the most significant achievements in improving public


  Data:
  File is w6vaxitems.dat;
  Variable:
    Names are
       id W8wave6 w6vax1 w6vax2 w6vax3 w6vax4 w6vax5 w6vax6 w6vax7 w6vax8
       w6vax9 w6vax10;
    Usevariables are w6vax4-w6vax9;
    Categorical are w6vax4-w6vax9;
    Missing are all (-9999) ;
    idvariable is id;
    weight is W8wave6;
   classes are c(4);
  Analysis:
    Estimator is MLR;
    Type is Mixture;
  Model:


  Output:




*** WARNING
  Input line exceeded 90 characters. Some input may be truncated.
    Stata2Mplus conversion for C:\Users\pkb16122\Dropbox\Grants and Applications\VaccineUKRI_
*** WARNING
  Input line exceeded 90 characters. Some input may be truncated.
    w6vax5 : Enough children are vaccinated that even unvaccinated children are safe from dis
*** WARNING
  Input line exceeded 90 characters. Some input may be truncated.
    w6vax8 : Parents should have the right to refuse vaccines required for schools for any re
*** WARNING
  Input line exceeded 90 characters. Some input may be truncated.
    w6vax10 : Vaccinations are one of the most significant achievements in improving public h
*** WARNING
  Data set contains cases with missing on all variables.
  These cases were not included in the analysis.
  Number of cases with missing on all variables:  110
   5 WARNING(S) FOUND IN THE INPUT INSTRUCTIONS




Stata2Mplus conversion for C:\Users\pkb16122\Dropbox\Grants and Applications\VaccineUKRI
List of variables converted shown below

id : New Panel ID
W8wave6 :
w6vax1 : Getting vaccines is a good way to protect children from disease.

w6vax2 : Generally I do what my doctor recommends about vaccines.

w6vax3 : New vaccines are recommended only if they are safe.

w6vax4 : Children do not need vaccines for diseases that are not common anymore.

w6vax5 : Enough children are vaccinated that even unvaccinated children are safe from di

w6vax6 : I am concerned about serious side effects of vaccines.

w6vax7 : Some vaccines cause autism in healthy children.

w6vax8 : Parents should have the right to refuse vaccines required for schools for any r

w6vax9 : The risks vaccinations pose to children outweigh their health benefits.


w6vax10 : Vaccinations are one of the most significant achievements in improving public

SUMMARY OF ANALYSIS

Number of groups                                                 1
Number of observations                                        3917

Number of dependent variables                                    6
Number of independent variables                                  0
Number of continuous latent variables                            0
Number of categorical latent variables                           1

Observed dependent variables

  Binary and ordered categorical (ordinal)
   W6VAX4      W6VAX5      W6VAX6      W6VAX7      W6VAX8      W6VAX9

Categorical latent variables
   C

Variables with special functions

  Weight variable       W8WAVE6
  ID variable           ID

Estimator                                                      MLR
Information matrix                                        OBSERVED
Optimization Specifications for the Quasi-Newton Algorithm for
Continuous Outcomes
  Maximum number of iterations                                 100
  Convergence criterion                                  0.100D-05
Optimization Specifications for the EM Algorithm
  Maximum number of iterations                                 500
  Convergence criteria
    Loglikelihood change                                 0.100D-06
    Relative loglikelihood change                        0.100D-06
    Derivative                                           0.100D-05
Optimization Specifications for the M step of the EM Algorithm for
Categorical Latent variables
  Number of M step iterations                                    1
  M step convergence criterion                           0.100D-05
  Basis for M step termination                           ITERATION
Optimization Specifications for the M step of the EM Algorithm for
Censored, Binary or Ordered Categorical (Ordinal), Unordered
Categorical (Nominal) and Count Outcomes
  Number of M step iterations                                    1
  M step convergence criterion                           0.100D-05
  Basis for M step termination                           ITERATION
  Maximum value for logit thresholds                            15
  Minimum value for logit thresholds                           -15
  Minimum expected cell size for chi-square              0.100D-01
Maximum number of iterations for H1                           2000
Convergence criterion for H1                             0.100D-03
Optimization algorithm                                         EMA
Random Starts Specifications
  Number of initial stage random starts                         20
  Number of final stage optimizations                            4
  Number of initial stage iterations                            10
  Initial stage convergence criterion                    0.100D+01
  Random starts scale                                    0.500D+01
  Random seed for generating random starts                       0
Link                                                         LOGIT

Input data file(s)
  w6vaxitems.dat
Input data format  FREE


SUMMARY OF DATA

     Number of missing data patterns            53
     Number of y missing data patterns           0
     Number of u missing data patterns          53


COVARIANCE COVERAGE OF DATA

Minimum covariance coverage value   0.100


     PROPORTION OF DATA PRESENT FOR U


           Covariance Coverage
              W6VAX4        W6VAX5        W6VAX6        W6VAX7        W6VAX8
              ________      ________      ________      ________      ________
 W6VAX4         0.950
 W6VAX5         0.896         0.920
 W6VAX6         0.936         0.905         0.977
 W6VAX7         0.726         0.713         0.737         0.742
 W6VAX8         0.915         0.886         0.934         0.721         0.951
 W6VAX9         0.919         0.890         0.934         0.729         0.912


           Covariance Coverage
              W6VAX9
              ________
 W6VAX9         0.948


UNIVARIATE PROPORTIONS AND COUNTS FOR CATEGORICAL VARIABLES

    W6VAX4
      Category 1    0.019           68.878
      Category 2    0.070          259.475
      Category 3    0.168          624.002
      Category 4    0.433         1609.482
      Category 5    0.311         1157.570
    W6VAX5
      Category 1    0.029          104.507
      Category 2    0.090          324.821
      Category 3    0.208          746.795
      Category 4    0.406         1459.011
      Category 5    0.268          962.653
    W6VAX6
      Category 1    0.058          221.752
      Category 2    0.207          793.750
      Category 3    0.343         1313.375
      Category 4    0.269         1030.235
      Category 5    0.122          468.611
    W6VAX7
      Category 1    0.036          105.083
      Category 2    0.118          342.434
      Category 3    0.321          932.970
      Category 4    0.257          746.648
      Category 5    0.269          782.174
    W6VAX8
      Category 1    0.082          305.407
      Category 2    0.270         1007.405
      Category 3    0.271         1007.519
      Category 4    0.259          964.569
      Category 5    0.118          439.746
    W6VAX9
      Category 1    0.096          353.652
      Category 2    0.164          607.021
      Category 3    0.162          601.065
      Category 4    0.280         1037.943
      Category 5    0.298         1101.408


RANDOM STARTS RESULTS RANKED FROM THE BEST TO THE WORST LOGLIKELIHOOD VALUES

Final stage loglikelihood values at local maxima, seeds, and initial stage start numbers:

          -26875.574  415931           10
          -26875.574  76974            16
          -26875.574  533738           11
          -26875.574  573096           20



THE BEST LOGLIKELIHOOD VALUE HAS BEEN REPLICATED.  RERUN WITH AT LEAST TWICE THE
RANDOM STARTS TO CHECK THAT THE BEST LOGLIKELIHOOD IS STILL OBTAINED AND REPLICATED.

     IN THE OPTIMIZATION, ONE OR MORE LOGIT THRESHOLDS APPROACHED EXTREME VALUES
     OF -15.000 AND 15.000 AND WERE FIXED TO STABILIZE MODEL ESTIMATION.  THESE
     VALUES IMPLY PROBABILITIES OF 0 AND 1.  IN THE MODEL RESULTS SECTION, THESE
     PARAMETERS HAVE 0 STANDARD ERRORS AND 999 IN THE Z-SCORE AND P-VALUE COLUMNS.




THE MODEL ESTIMATION TERMINATED NORMALLY



MODEL FIT INFORMATION

Number of Free Parameters                       99

Loglikelihood

          H0 Value                      -26875.574
          H0 Scaling Correction Factor      1.3067
            for MLR

Information Criteria

          Akaike (AIC)                   53949.149
          Bayesian (BIC)                 54570.184
          Sample-Size Adjusted BIC       54255.607
            (n* = (n + 2) / 24)

Chi-Square Test of Model Fit for the Binary and Ordered Categorical
(Ordinal) Outcomes**

          Pearson Chi-Square

          Value                          13222.572
          Degrees of Freedom                 15438
          P-Value                           1.0000

          Likelihood Ratio Chi-Square

          Value                           5684.295
          Degrees of Freedom                 15438
          P-Value                           1.0000

** Of the 45305 cells in the latent class indicator table, 87
   were deleted in the calculation of chi-square due to extreme values.

Chi-Square Test for MCAR under the Unrestricted Latent Class Indicator Model

          Pearson Chi-Square

          Value                           8992.104
          Degrees of Freedom                 29628
          P-Value                           1.0000

          Likelihood Ratio Chi-Square

          Value                           5140.896
          Degrees of Freedom                 29628
          P-Value                           1.0000



FINAL CLASS COUNTS AND PROPORTIONS FOR THE LATENT CLASSES
BASED ON THE ESTIMATED MODEL

    Latent
   Classes

       1       1259.73755          0.32161
       2       1753.29039          0.44761
       3        496.76476          0.12682
       4        407.20729          0.10396


FINAL CLASS COUNTS AND PROPORTIONS FOR THE LATENT CLASSES
BASED ON ESTIMATED POSTERIOR PROBABILITIES

    Latent
   Classes

       1       1259.73755          0.32161
       2       1753.29039          0.44761
       3        496.76476          0.12682
       4        407.20729          0.10396


FINAL CLASS COUNTS AND PROPORTIONS FOR THE LATENT CLASSES
BASED ON THEIR MOST LIKELY LATENT CLASS MEMBERSHIP

Class Counts and Proportions

    Latent
   Classes

       1             1236          0.31556
       2             1810          0.46202
       3              477          0.12174
       4              394          0.10067


CLASSIFICATION QUALITY

     Entropy                         0.803


Classification Probabilities for the Most Likely Latent Class Membership (Column)
by Latent Class (Row)

           1        2        3        4

    1   0.905    0.088    0.006    0.001
    2   0.051    0.909    0.019    0.020
    3   0.012    0.109    0.842    0.036
    4   0.000    0.124    0.042    0.834


Logits for the Classification Probabilities for the Most Likely Latent Class Membership (Column)
by Latent Class (Row)

              1        2        3        4

    1      7.375    5.047    2.369    0.000
    2      0.914    3.793   -0.059    0.000
    3     -1.066    1.109    3.151    0.000
    4     -7.822   -1.910   -2.998    0.000


MODEL RESULTS

                                                    Two-Tailed
                    Estimate       S.E.  Est./S.E.    P-Value

Latent Class 1

 Thresholds
    W6VAX4$1          -6.296      0.642     -9.810      0.000
    W6VAX4$2          -3.721      0.284    -13.104      0.000
    W6VAX4$3          -2.993      0.193    -15.527      0.000
    W6VAX4$4          -0.951      0.102     -9.287      0.000
    W6VAX5$1          -3.700      0.218    -16.984      0.000
    W6VAX5$2          -2.556      0.139    -18.355      0.000
    W6VAX5$3          -1.882      0.110    -17.182      0.000
    W6VAX5$4          -0.394      0.080     -4.932      0.000
    W6VAX6$1          -3.829      0.257    -14.909      0.000
    W6VAX6$2          -2.393      0.133    -18.031      0.000
    W6VAX6$3          -0.984      0.086    -11.509      0.000
    W6VAX6$4           0.603      0.084      7.154      0.000
    W6VAX7$1          -5.429      0.560     -9.702      0.000
    W6VAX7$2          -3.746      0.284    -13.211      0.000
    W6VAX7$3          -1.995      0.133    -15.021      0.000
    W6VAX7$4          -0.727      0.100     -7.241      0.000
    W6VAX8$1          -2.969      0.173    -17.193      0.000
    W6VAX8$2          -1.557      0.101    -15.450      0.000
    W6VAX8$3          -0.723      0.082     -8.793      0.000
    W6VAX8$4           0.658      0.086      7.630      0.000
    W6VAX9$1          -1.698      0.090    -18.952      0.000
    W6VAX9$2          -1.411      0.086    -16.410      0.000
    W6VAX9$3          -1.277      0.085    -15.052      0.000
    W6VAX9$4          -1.028      0.099    -10.430      0.000

Latent Class 2

 Thresholds
    W6VAX4$1          -6.491      0.803     -8.085      0.000
    W6VAX4$2          -3.110      0.170    -18.243      0.000
    W6VAX4$3          -1.647      0.108    -15.269      0.000
    W6VAX4$4           1.849      0.138     13.388      0.000
    W6VAX5$1          -4.935      0.467    -10.560      0.000
    W6VAX5$2          -2.751      0.156    -17.610      0.000
    W6VAX5$3          -1.237      0.110    -11.248      0.000
    W6VAX5$4           1.922      0.138     13.976      0.000
    W6VAX6$1          -4.196      0.342    -12.269      0.000
    W6VAX6$2          -1.149      0.096    -11.968      0.000
    W6VAX6$3           0.676      0.098      6.925      0.000
    W6VAX6$4           4.177      0.360     11.595      0.000
    W6VAX7$1          -6.166      0.814     -7.572      0.000
    W6VAX7$2          -2.481      0.182    -13.606      0.000
    W6VAX7$3          -0.098      0.112     -0.876      0.381
    W6VAX7$4           2.359      0.173     13.654      0.000
    W6VAX8$1          -3.590      0.282    -12.719      0.000
    W6VAX8$2          -0.563      0.077     -7.321      0.000
    W6VAX8$3           0.658      0.090      7.324      0.000
    W6VAX8$4           3.991      0.253     15.791      0.000
    W6VAX9$1          -3.198      0.190    -16.791      0.000
    W6VAX9$2          -1.032      0.070    -14.690      0.000
    W6VAX9$3          -0.666      0.098     -6.769      0.000
    W6VAX9$4           2.012      0.155     12.987      0.000

Latent Class 3

 Thresholds
    W6VAX4$1          -1.816      0.285     -6.368      0.000
    W6VAX4$2          -0.135      0.268     -0.503      0.615
    W6VAX4$3           0.703      0.203      3.455      0.001
    W6VAX4$4           2.033      0.219      9.283      0.000
    W6VAX5$1          -1.813      0.257     -7.057      0.000
    W6VAX5$2          -0.086      0.226     -0.380      0.704
    W6VAX5$3           0.979      0.205      4.765      0.000
    W6VAX5$4           2.162      0.234      9.219      0.000
    W6VAX6$1          -0.684      0.181     -3.786      0.000
    W6VAX6$2           1.737      0.246      7.075      0.000
    W6VAX6$3           4.065      0.589      6.907      0.000
    W6VAX6$4           4.589      0.653      7.027      0.000
    W6VAX7$1          -1.101      0.237     -4.647      0.000
    W6VAX7$2           1.290      0.392      3.294      0.001
    W6VAX7$3           3.525      0.441      7.997      0.000
    W6VAX7$4           5.499      1.363      4.034      0.000
    W6VAX8$1          -0.433      0.218     -1.988      0.047
    W6VAX8$2           1.917      0.277      6.911      0.000
    W6VAX8$3           3.209      0.336      9.537      0.000
    W6VAX8$4          15.000      0.000    999.000    999.000
    W6VAX9$1          -1.351      0.243     -5.572      0.000
    W6VAX9$2           0.188      0.214      0.878      0.380
    W6VAX9$3           1.803      0.222      8.106      0.000
    W6VAX9$4           3.621      0.409      8.849      0.000

Latent Class 4

 Thresholds
    W6VAX4$1         -15.000      0.000    999.000    999.000
    W6VAX4$2          -3.204      0.522     -6.142      0.000
    W6VAX4$3           1.564      0.585      2.674      0.008
    W6VAX4$4           4.976      2.290      2.173      0.030
    W6VAX5$1          -5.076      1.019     -4.982      0.000
    W6VAX5$2          -2.227      0.361     -6.177      0.000
    W6VAX5$3           2.318      0.745      3.111      0.002
    W6VAX5$4           5.647      1.983      2.847      0.004
    W6VAX6$1          -3.968      1.136     -3.491      0.000
    W6VAX6$2          -1.252      0.444     -2.823      0.005
    W6VAX6$3           3.337      0.407      8.198      0.000
    W6VAX6$4          15.000      0.000    999.000    999.000
    W6VAX7$1          -7.564      8.858     -0.854      0.393
    W6VAX7$2          -2.502      0.564     -4.439      0.000
    W6VAX7$3           3.177      0.455      6.986      0.000
    W6VAX7$4           5.477      1.236      4.433      0.000
    W6VAX8$1          -3.282      0.391     -8.394      0.000
    W6VAX8$2          -1.266      0.500     -2.532      0.011
    W6VAX8$3           3.472      0.438      7.929      0.000
    W6VAX8$4          15.000      0.000    999.000    999.000
    W6VAX9$1          -3.713      0.506     -7.338      0.000
    W6VAX9$2          -2.058      0.505     -4.077      0.000
    W6VAX9$3           2.321      0.357      6.502      0.000
    W6VAX9$4           5.312      1.165      4.560      0.000

Categorical Latent Variables

 Means
    C#1                1.129      0.257      4.392      0.000
    C#2                1.460      0.250      5.839      0.000
    C#3                0.199      0.363      0.548      0.584


RESULTS IN PROBABILITY SCALE

Latent Class 1

 W6VAX4
    Category 1         0.002      0.001      1.561      0.119
    Category 2         0.022      0.006      3.378      0.001
    Category 3         0.024      0.006      4.071      0.000
    Category 4         0.231      0.019     12.177      0.000
    Category 5         0.721      0.021     35.039      0.000
 W6VAX5
    Category 1         0.024      0.005      4.704      0.000
    Category 2         0.048      0.008      6.073      0.000
    Category 3         0.060      0.009      6.558      0.000
    Category 4         0.271      0.017     15.540      0.000
    Category 5         0.597      0.019     31.072      0.000
 W6VAX6
    Category 1         0.021      0.005      3.978      0.000
    Category 2         0.062      0.009      7.332      0.000
    Category 3         0.188      0.014     13.628      0.000
    Category 4         0.374      0.018     20.839      0.000
    Category 5         0.354      0.019     18.356      0.000
 W6VAX7
    Category 1         0.004      0.002      1.795      0.073
    Category 2         0.019      0.006      3.165      0.002
    Category 3         0.097      0.013      7.659      0.000
    Category 4         0.206      0.018     11.638      0.000
    Category 5         0.674      0.022     30.562      0.000
 W6VAX8
    Category 1         0.049      0.008      6.088      0.000
    Category 2         0.125      0.012     10.026      0.000
    Category 3         0.153      0.013     11.534      0.000
    Category 4         0.332      0.017     19.610      0.000
    Category 5         0.341      0.019     17.611      0.000
 W6VAX9
    Category 1         0.155      0.012     13.207      0.000
    Category 2         0.041      0.008      5.250      0.000
    Category 3         0.022      0.006      3.789      0.000
    Category 4         0.045      0.013      3.530      0.000
    Category 5         0.737      0.019     38.508      0.000

Latent Class 2

 W6VAX4
    Category 1         0.002      0.001      1.248      0.212
    Category 2         0.041      0.007      6.059      0.000
    Category 3         0.119      0.013      9.074      0.000
    Category 4         0.703      0.017     41.997      0.000
    Category 5         0.136      0.016      8.380      0.000
 W6VAX5
    Category 1         0.007      0.003      2.155      0.031
    Category 2         0.053      0.008      6.435      0.000
    Category 3         0.165      0.017      9.887      0.000
    Category 4         0.647      0.018     35.984      0.000
    Category 5         0.128      0.015      8.336      0.000
 W6VAX6
    Category 1         0.015      0.005      2.968      0.003
    Category 2         0.226      0.016     14.279      0.000
    Category 3         0.422      0.019     22.136      0.000
    Category 4         0.322      0.020     16.137      0.000
    Category 5         0.015      0.005      2.819      0.005
 W6VAX7
    Category 1         0.002      0.002      1.231      0.218
    Category 2         0.075      0.013      5.892      0.000
    Category 3         0.398      0.026     15.617      0.000
    Category 4         0.438      0.023     19.056      0.000
    Category 5         0.086      0.014      6.334      0.000
 W6VAX8
    Category 1         0.027      0.007      3.640      0.000
    Category 2         0.336      0.016     21.168      0.000
    Category 3         0.296      0.018     16.586      0.000
    Category 4         0.323      0.019     16.974      0.000
    Category 5         0.018      0.005      4.030      0.000
 W6VAX9
    Category 1         0.039      0.007      5.466      0.000
    Category 2         0.223      0.013     16.665      0.000
    Category 3         0.077      0.017      4.559      0.000
    Category 4         0.543      0.018     30.761      0.000
    Category 5         0.118      0.016      7.318      0.000

Latent Class 3

 W6VAX4
    Category 1         0.140      0.034      4.078      0.000
    Category 2         0.326      0.042      7.739      0.000
    Category 3         0.202      0.042      4.835      0.000
    Category 4         0.215      0.038      5.622      0.000
    Category 5         0.116      0.022      5.164      0.000
 W6VAX5
    Category 1         0.140      0.031      4.526      0.000
    Category 2         0.338      0.038      8.900      0.000
    Category 3         0.248      0.038      6.559      0.000
    Category 4         0.170      0.037      4.620      0.000
    Category 5         0.103      0.022      4.756      0.000
 W6VAX6
    Category 1         0.335      0.040      8.322      0.000
    Category 2         0.515      0.032     16.048      0.000
    Category 3         0.133      0.029      4.565      0.000
    Category 4         0.007      0.007      0.916      0.360
    Category 5         0.010      0.007      1.547      0.122
 W6VAX7
    Category 1         0.250      0.044      5.623      0.000
    Category 2         0.535      0.040     13.433      0.000
    Category 3         0.187      0.065      2.894      0.004
    Category 4         0.025      0.011      2.315      0.021
    Category 5         0.004      0.006      0.737      0.461
 W6VAX8
    Category 1         0.394      0.052      7.579      0.000
    Category 2         0.478      0.037     12.775      0.000
    Category 3         0.089      0.029      3.058      0.002
    Category 4         0.039      0.013      3.092      0.002
    Category 5         0.000      0.000      0.000      1.000
 W6VAX9
    Category 1         0.206      0.040      5.190      0.000
    Category 2         0.341      0.032     10.761      0.000
    Category 3         0.312      0.046      6.770      0.000
    Category 4         0.115      0.025      4.680      0.000
    Category 5         0.026      0.010      2.509      0.012

Latent Class 4

 W6VAX4
    Category 1         0.000      0.000      0.000      1.000
    Category 2         0.039      0.020      1.995      0.046
    Category 3         0.788      0.093      8.477      0.000
    Category 4         0.166      0.074      2.243      0.025
    Category 5         0.007      0.016      0.440      0.660
 W6VAX5
    Category 1         0.006      0.006      0.987      0.323
    Category 2         0.091      0.031      2.979      0.003
    Category 3         0.813      0.080     10.135      0.000
    Category 4         0.086      0.058      1.489      0.137
    Category 5         0.004      0.007      0.506      0.613
 W6VAX6
    Category 1         0.019      0.021      0.897      0.370
    Category 2         0.204      0.061      3.357      0.001
    Category 3         0.743      0.079      9.440      0.000
    Category 4         0.034      0.013      2.544      0.011
    Category 5         0.000      0.000      0.000      1.000
 W6VAX7
    Category 1         0.001      0.005      0.113      0.910
    Category 2         0.075      0.037      2.036      0.042
    Category 3         0.884      0.045     19.815      0.000
    Category 4         0.036      0.017      2.134      0.033
    Category 5         0.004      0.005      0.813      0.416
 W6VAX8
    Category 1         0.036      0.014      2.654      0.008
    Category 2         0.184      0.083      2.217      0.027
    Category 3         0.750      0.087      8.574      0.000
    Category 4         0.030      0.013      2.355      0.019
    Category 5         0.000      0.000      0.000      1.000
 W6VAX9
    Category 1         0.024      0.012      2.025      0.043
    Category 2         0.089      0.047      1.911      0.056
    Category 3         0.797      0.069     11.617      0.000
    Category 4         0.085      0.028      3.000      0.003
    Category 5         0.005      0.006      0.863      0.388


LATENT CLASS ODDS RATIO RESULTS

                                         (Est. - 1) Two-Tailed
                    Estimate       S.E.     / S.E.    P-Value

Latent Class 1 Compared to Latent Class 2

 W6VAX4
    Category > 1       0.823      0.876     -0.202      0.840
    Category > 2       1.842      0.642      1.311      0.190
    Category > 3       3.841      0.879      3.231      0.001
    Category > 4      16.451      2.516      6.140      0.000
 W6VAX5
    Category > 1       0.291      0.161     -4.408      0.000
    Category > 2       0.823      0.186     -0.954      0.340
    Category > 3       1.907      0.316      2.874      0.004
    Category > 4      10.137      1.530      5.973      0.000
 W6VAX6
    Category > 1       0.693      0.315     -0.977      0.328
    Category > 2       3.472      0.594      4.161      0.000
    Category > 3       5.260      0.683      6.239      0.000
    Category > 4      35.652     12.526      2.766      0.006
 W6VAX7
    Category > 1       0.479      0.503     -1.036      0.300
    Category > 2       3.541      1.239      2.051      0.040
    Category > 3       6.664      1.149      4.931      0.000
    Category > 4      21.905      3.871      5.401      0.000
 W6VAX8
    Category > 1       0.537      0.191     -2.425      0.015
    Category > 2       2.700      0.357      4.763      0.000
    Category > 3       3.979      0.474      6.280      0.000
    Category > 4      28.037      7.142      3.785      0.000
 W6VAX9
    Category > 1       0.223      0.050    -15.551      0.000
    Category > 2       1.460      0.174      2.643      0.008
    Category > 3       1.843      0.256      3.295      0.001
    Category > 4      20.902      3.463      5.748      0.000

Latent Class 1 Compared to Latent Class 3

 W6VAX4
    Category > 1      88.243     62.240      1.402      0.161
    Category > 2      36.094     14.290      2.456      0.014
    Category > 3      40.274     11.364      3.456      0.001
    Category > 4      19.777      4.765      3.941      0.000
 W6VAX5
    Category > 1       6.593      2.254      2.482      0.013
    Category > 2      11.824      3.167      3.417      0.001
    Category > 3      17.486      4.082      4.039      0.000
    Category > 4      12.882      3.170      3.748      0.000
 W6VAX6
    Category > 1      23.210      7.493      2.964      0.003
    Category > 2      62.198     17.693      3.459      0.001
    Category > 3     155.980     92.812      1.670      0.095
    Category > 4      53.823     35.428      1.491      0.136
 W6VAX7
    Category > 1      75.817     47.124      1.588      0.112
    Category > 2     153.780     76.995      1.984      0.047
    Category > 3     249.448    114.547      2.169      0.030
    Category > 4     505.855    689.404      0.732      0.464
 W6VAX8
    Category > 1      12.634      3.664      3.175      0.001
    Category > 2      32.248      9.732      3.211      0.001
    Category > 3      51.014     17.674      2.830      0.005
    Category > 4   *********      0.000    999.000    999.000
 W6VAX9
    Category > 1       1.414      0.364      1.137      0.256
    Category > 2       4.948      1.146      3.446      0.001
    Category > 3      21.763      5.209      3.986      0.000
    Category > 4     104.488     43.603      2.373      0.018

Latent Class 1 Compared to Latent Class 4

 W6VAX4
    Category > 1       0.000      0.000    999.000    999.000
    Category > 2       1.677      0.996      0.680      0.497
    Category > 3      95.332     58.211      1.621      0.105
    Category > 4     375.300    854.420      0.438      0.661
 W6VAX5
    Category > 1       0.252      0.263     -2.843      0.004
    Category > 2       1.389      0.533      0.730      0.466
    Category > 3      66.703     50.451      1.302      0.193
    Category > 4     420.506    832.161      0.504      0.614
 W6VAX6
    Category > 1       0.871      1.021     -0.127      0.899
    Category > 2       3.131      1.479      1.440      0.150
    Category > 3      75.293     31.167      2.384      0.017
    Category > 4   *********      0.000    999.000    999.000
 W6VAX7
    Category > 1       0.118      1.052     -0.838      0.402
    Category > 2       3.469      2.261      1.092      0.275
    Category > 3     176.122     82.843      2.114      0.035
    Category > 4     494.763    615.100      0.803      0.422
 W6VAX8
    Category > 1       0.732      0.313     -0.857      0.392
    Category > 2       1.338      0.696      0.485      0.628
    Category > 3      66.358     29.389      2.224      0.026
    Category > 4   *********      0.000    999.000    999.000
 W6VAX9
    Category > 1       0.133      0.068    -12.727      0.000
    Category > 2       0.524      0.268     -1.777      0.076
    Category > 3      36.530     13.486      2.635      0.008
    Category > 4     566.559    661.151      0.855      0.392

Latent Class 2 Compared to Latent Class 3

 W6VAX4
    Category > 1     107.241     88.093      1.206      0.228
    Category > 2      19.598      5.629      3.304      0.001
    Category > 3      10.485      2.349      4.039      0.000
    Category > 4       1.202      0.328      0.617      0.537
 W6VAX5
    Category > 1      22.671     11.285      1.920      0.055
    Category > 2      14.376      3.705      3.610      0.000
    Category > 3       9.170      2.095      3.899      0.000
    Category > 4       1.271      0.350      0.775      0.439
 W6VAX6
    Category > 1      33.509     11.008      2.953      0.003
    Category > 2      17.916      4.321      3.915      0.000
    Category > 3      29.652     17.587      1.629      0.103
    Category > 4       1.510      1.162      0.439      0.661
 W6VAX7
    Category > 1     158.419    130.194      1.209      0.227
    Category > 2      43.434     15.779      2.689      0.007
    Category > 3      37.435     16.402      2.221      0.026
    Category > 4      23.094     31.738      0.696      0.486
 W6VAX8
    Category > 1      23.522      6.755      3.334      0.001
    Category > 2      11.944      3.239      3.379      0.001
    Category > 3      12.820      4.368      2.706      0.007
    Category > 4   60401.891      0.000    999.000    999.000
 W6VAX9
    Category > 1       6.336      1.910      2.793      0.005
    Category > 2       3.389      0.763      3.131      0.002
    Category > 3      11.809      2.685      4.025      0.000
    Category > 4       4.999      2.169      1.844      0.065

Latent Class 2 Compared to Latent Class 4

 W6VAX4
    Category > 1       0.000      0.000    999.000    999.000
    Category > 2       0.911      0.502     -0.178      0.859
    Category > 3      24.819     13.543      1.759      0.079
    Category > 4      22.814     51.803      0.421      0.674
 W6VAX5
    Category > 1       0.868      0.967     -0.137      0.891
    Category > 2       1.689      0.692      0.996      0.319
    Category > 3      34.979     24.239      1.402      0.161
    Category > 4      41.481     82.019      0.494      0.622
 W6VAX6
    Category > 1       1.257      1.347      0.191      0.849
    Category > 2       0.902      0.400     -0.246      0.806
    Category > 3      14.313      5.761      2.311      0.021
    Category > 4   50172.301      0.000    999.000    999.000
 W6VAX7
    Category > 1       0.247      2.183     -0.345      0.730
    Category > 2       0.980      0.547     -0.037      0.971
    Category > 3      26.431     11.662      2.181      0.029
    Category > 4      22.587     28.539      0.756      0.449
 W6VAX8
    Category > 1       1.362      0.627      0.577      0.564
    Category > 2       0.495      0.248     -2.033      0.042
    Category > 3      16.676      7.287      2.151      0.031
    Category > 4   60401.891      0.000    999.000    999.000
 W6VAX9
    Category > 1       0.597      0.332     -1.214      0.225
    Category > 2       0.359      0.187     -3.436      0.001
    Category > 3      19.821      6.578      2.861      0.004
    Category > 4      27.105     31.961      0.817      0.414

Latent Class 3 Compared to Latent Class 4

 W6VAX4
    Category > 1       0.000      0.000    999.000    999.000
    Category > 2       0.046      0.023    -42.048      0.000
    Category > 3       2.367      1.551      0.882      0.378
    Category > 4      18.976     44.145      0.407      0.684
 W6VAX5
    Category > 1       0.038      0.039    -24.734      0.000
    Category > 2       0.117      0.041    -21.552      0.000
    Category > 3       3.815      3.064      0.919      0.358
    Category > 4      32.643     64.774      0.489      0.625
 W6VAX6
    Category > 1       0.038      0.040    -24.262      0.000
    Category > 2       0.050      0.020    -46.858      0.000
    Category > 3       0.483      0.349     -1.484      0.138
    Category > 4   33233.828      0.000    999.000    999.000
 W6VAX7
    Category > 1       0.002      0.014    -73.074      0.000
    Category > 2       0.023      0.009   -103.729      0.000
    Category > 3       0.706      0.446     -0.659      0.510
    Category > 4       0.978      1.865     -0.012      0.991
 W6VAX8
    Category > 1       0.058      0.024    -39.582      0.000
    Category > 2       0.041      0.017    -55.947      0.000
    Category > 3       1.301      0.728      0.413      0.680
    Category > 4       1.000      0.000    999.000    999.000
 W6VAX9
    Category > 1       0.094      0.049    -18.575      0.000
    Category > 2       0.106      0.048    -18.753      0.000
    Category > 3       1.678      0.694      0.977      0.328
    Category > 4       5.422      6.734      0.657      0.511


QUALITY OF NUMERICAL RESULTS

     Condition Number for the Information Matrix              0.494E-05
       (ratio of smallest to largest eigenvalue)


DIAGRAM INFORMATION

  Mplus diagrams are currently not available for Mixture analysis.
  No diagram output was produced.


     Beginning Time:  23:14:12
        Ending Time:  23:14:13
       Elapsed Time:  00:00:01



MUTHEN & MUTHEN
3463 Stoner Ave.
Los Angeles, CA  90066

Tel: (310) 391-9971
Fax: (310) 391-8971
Web: www.StatModel.com
Support: Support@StatModel.com

Copyright (c) 1998-2019 Muthen & Muthen
