Mplus VERSION 8.4
MUTHEN & MUTHEN
11/18/2020  11:19 PM

INPUT INSTRUCTIONS

  Title:
    Stata2Mplus conversion for C:\Users\pkb16122\Dropbox\Grants and Applications\VaccineUKRI
    List of variables converted shown below

    id : New Panel ID
    W8wave6 :
    w6vax1 : Getting vaccines is a good way to protect children from disease.

    w6vax2 : Generally I do what my doctor recommends about vaccines.

    w6vax3 : New vaccines are recommended only if they are safe.

    w6vax4 : Children do not need vaccines for diseases that are not common anymore.

    w6vax5 : Enough children are vaccinated that even unvaccinated children are safe from di

    w6vax6 : I am concerned about serious side effects of vaccines.

    w6vax7 : Some vaccines cause autism in healthy children.

    w6vax8 : Parents should have the right to refuse vaccines required for schools for any r

    w6vax9 : The risks vaccinations pose to children outweigh their health benefits.


    w6vax10 : Vaccinations are one of the most significant achievements in improving public


  Data:
  File is w6vaxitems.dat;
  Variable:
    Names are
       id W8wave6 w6vax1 w6vax2 w6vax3 w6vax4 w6vax5 w6vax6 w6vax7 w6vax8
       w6vax9 w6vax10;
    Usevariables are w6vax4-w6vax9;
  !  Categorical are w6vax4-w6vax9;
    Missing are all (-9999) ;
    idvariable is id;
    weight is W8wave6;
   classes are c(5);
  Analysis:
    Estimator is MLR;
    Type is Mixture;
  Model:


  Output:




*** WARNING
  Input line exceeded 90 characters. Some input may be truncated.
    Stata2Mplus conversion for C:\Users\pkb16122\Dropbox\Grants and Applications\VaccineUKRI_
*** WARNING
  Input line exceeded 90 characters. Some input may be truncated.
    w6vax5 : Enough children are vaccinated that even unvaccinated children are safe from dis
*** WARNING
  Input line exceeded 90 characters. Some input may be truncated.
    w6vax8 : Parents should have the right to refuse vaccines required for schools for any re
*** WARNING
  Input line exceeded 90 characters. Some input may be truncated.
    w6vax10 : Vaccinations are one of the most significant achievements in improving public h
*** WARNING in MODEL command
  All variables are uncorrelated with all other variables within class.
  Check that this is what is intended.
*** WARNING
  Data set contains cases with missing on all variables.
  These cases were not included in the analysis.
  Number of cases with missing on all variables:  110
   6 WARNING(S) FOUND IN THE INPUT INSTRUCTIONS




Stata2Mplus conversion for C:\Users\pkb16122\Dropbox\Grants and Applications\VaccineUKRI
List of variables converted shown below

id : New Panel ID
W8wave6 :
w6vax1 : Getting vaccines is a good way to protect children from disease.

w6vax2 : Generally I do what my doctor recommends about vaccines.

w6vax3 : New vaccines are recommended only if they are safe.

w6vax4 : Children do not need vaccines for diseases that are not common anymore.

w6vax5 : Enough children are vaccinated that even unvaccinated children are safe from di

w6vax6 : I am concerned about serious side effects of vaccines.

w6vax7 : Some vaccines cause autism in healthy children.

w6vax8 : Parents should have the right to refuse vaccines required for schools for any r

w6vax9 : The risks vaccinations pose to children outweigh their health benefits.


w6vax10 : Vaccinations are one of the most significant achievements in improving public

SUMMARY OF ANALYSIS

Number of groups                                                 1
Number of observations                                        3917

Number of dependent variables                                    6
Number of independent variables                                  0
Number of continuous latent variables                            0
Number of categorical latent variables                           1

Observed dependent variables

  Continuous
   W6VAX4      W6VAX5      W6VAX6      W6VAX7      W6VAX8      W6VAX9

Categorical latent variables
   C

Variables with special functions

  Weight variable       W8WAVE6
  ID variable           ID

Estimator                                                      MLR
Information matrix                                        OBSERVED
Optimization Specifications for the Quasi-Newton Algorithm for
Continuous Outcomes
  Maximum number of iterations                                 100
  Convergence criterion                                  0.100D-05
Optimization Specifications for the EM Algorithm
  Maximum number of iterations                                 500
  Convergence criteria
    Loglikelihood change                                 0.100D-06
    Relative loglikelihood change                        0.100D-06
    Derivative                                           0.100D-05
Optimization Specifications for the M step of the EM Algorithm for
Categorical Latent variables
  Number of M step iterations                                    1
  M step convergence criterion                           0.100D-05
  Basis for M step termination                           ITERATION
Optimization Specifications for the M step of the EM Algorithm for
Censored, Binary or Ordered Categorical (Ordinal), Unordered
Categorical (Nominal) and Count Outcomes
  Number of M step iterations                                    1
  M step convergence criterion                           0.100D-05
  Basis for M step termination                           ITERATION
  Maximum value for logit thresholds                            15
  Minimum value for logit thresholds                           -15
  Minimum expected cell size for chi-square              0.100D-01
Maximum number of iterations for H1                           2000
Convergence criterion for H1                             0.100D-03
Optimization algorithm                                         EMA
Random Starts Specifications
  Number of initial stage random starts                         20
  Number of final stage optimizations                            4
  Number of initial stage iterations                            10
  Initial stage convergence criterion                    0.100D+01
  Random starts scale                                    0.500D+01
  Random seed for generating random starts                       0

Input data file(s)
  w6vaxitems.dat
Input data format  FREE


SUMMARY OF DATA

     Number of missing data patterns            53
     Number of y missing data patterns          53
     Number of u missing data patterns           0


COVARIANCE COVERAGE OF DATA

Minimum covariance coverage value   0.100


     PROPORTION OF DATA PRESENT FOR Y


           Covariance Coverage
              W6VAX4        W6VAX5        W6VAX6        W6VAX7        W6VAX8
              ________      ________      ________      ________      ________
 W6VAX4         0.950
 W6VAX5         0.896         0.920
 W6VAX6         0.936         0.905         0.977
 W6VAX7         0.726         0.713         0.737         0.742
 W6VAX8         0.915         0.886         0.934         0.721         0.951
 W6VAX9         0.919         0.890         0.934         0.729         0.912


           Covariance Coverage
              W6VAX9
              ________
 W6VAX9         0.948



UNIVARIATE SAMPLE STATISTICS


     UNIVARIATE HIGHER-ORDER MOMENT DESCRIPTIVE STATISTICS

         Variable/         Mean/     Skewness/   Minimum/ % with                Percentiles
        Sample Size      Variance    Kurtosis    Maximum  Min/Max      20%/60%    40%/80%    Median

     W6VAX4                3.948      -0.872       1.000    1.72%       3.000      4.000      4.000
            3722.000       0.922       0.436       5.000   31.95%       4.000      5.000
     W6VAX5                3.792      -0.721       1.000    2.64%       3.000      4.000      4.000
            3602.000       1.055       0.012       5.000   27.54%       4.000      5.000
     W6VAX6                3.191      -0.075       1.000    5.77%       2.000      3.000      3.000
            3828.000       1.162      -0.644       5.000   12.17%       3.000      4.000
     W6VAX7                3.604      -0.329       1.000    3.82%       3.000      3.000      4.000
            2906.000       1.229      -0.675       5.000   27.56%       4.000      5.000
     W6VAX8                3.061       0.023       1.000    8.40%       2.000      3.000      3.000
            3727.000       1.326      -0.900       5.000   12.74%       3.000      4.000
     W6VAX9                3.521      -0.492       1.000    9.73%       2.000      3.000      4.000
            3712.000       1.746      -0.971       5.000   30.60%       4.000      5.000

RANDOM STARTS RESULTS RANKED FROM THE BEST TO THE WORST LOGLIKELIHOOD VALUES

Final stage loglikelihood values at local maxima, seeds, and initial stage start numbers:

          -28666.548  608496           4
          -28666.548  127215           9
          -28666.548  903420           5
          -29066.489  107446           12



THE BEST LOGLIKELIHOOD VALUE HAS BEEN REPLICATED.  RERUN WITH AT LEAST TWICE THE
RANDOM STARTS TO CHECK THAT THE BEST LOGLIKELIHOOD IS STILL OBTAINED AND REPLICATED.


THE MODEL ESTIMATION TERMINATED NORMALLY



MODEL FIT INFORMATION

Number of Free Parameters                       40

Loglikelihood

          H0 Value                      -28666.548
          H0 Scaling Correction Factor      1.5604
            for MLR

Information Criteria

          Akaike (AIC)                   57413.097
          Bayesian (BIC)                 57664.020
          Sample-Size Adjusted BIC       57536.918
            (n* = (n + 2) / 24)



FINAL CLASS COUNTS AND PROPORTIONS FOR THE LATENT CLASSES
BASED ON THE ESTIMATED MODEL

    Latent
   Classes

       1        243.36169          0.06213
       2        648.68902          0.16561
       3       1108.51293          0.28300
       4       1136.67812          0.29019
       5        779.75824          0.19907


FINAL CLASS COUNTS AND PROPORTIONS FOR THE LATENT CLASSES
BASED ON ESTIMATED POSTERIOR PROBABILITIES

    Latent
   Classes

       1        243.36169          0.06213
       2        648.68902          0.16561
       3       1108.51293          0.28300
       4       1136.67812          0.29019
       5        779.75824          0.19907


FINAL CLASS COUNTS AND PROPORTIONS FOR THE LATENT CLASSES
BASED ON THEIR MOST LIKELY LATENT CLASS MEMBERSHIP

Class Counts and Proportions

    Latent
   Classes

       1              242          0.06184
       2              640          0.16340
       3             1141          0.29136
       4             1149          0.29322
       5              745          0.19019


CLASSIFICATION QUALITY

     Entropy                         0.946


Classification Probabilities for the Most Likely Latent Class Membership (Column)
by Latent Class (Row)

           1        2        3        4        5

    1   0.914    0.017    0.006    0.000    0.062
    2   0.008    0.957    0.031    0.003    0.001
    3   0.001    0.010    0.976    0.012    0.000
    4   0.000    0.001    0.013    0.986    0.000
    5   0.017    0.004    0.030    0.015    0.934


Logits for the Classification Probabilities for the Most Likely Latent Class Membership (Column)
by Latent Class (Row)

              1        2        3        4        5

    1      2.694   -1.279   -2.295   -5.214    0.000
    2      1.853    6.646    3.219    0.911    0.000
    3      0.911    3.089    7.639    3.252    0.000
    4     -1.654    0.551    3.758    8.089    0.000
    5     -4.012   -5.411   -3.455   -4.100    0.000


MODEL RESULTS

                                                    Two-Tailed
                    Estimate       S.E.  Est./S.E.    P-Value

Latent Class 1

 Means
    W6VAX4             2.025      0.144     14.045      0.000
    W6VAX5             2.145      0.126     16.974      0.000
    W6VAX6             1.860      0.084     22.097      0.000
    W6VAX7             1.915      0.093     20.624      0.000
    W6VAX8             1.839      0.084     21.938      0.000
    W6VAX9             1.614      0.071     22.722      0.000

 Variances
    W6VAX4             0.551      0.022     25.598      0.000
    W6VAX5             0.782      0.027     29.040      0.000
    W6VAX6             0.823      0.021     38.948      0.000
    W6VAX7             0.725      0.024     29.997      0.000
    W6VAX8             1.072      0.024     44.264      0.000
    W6VAX9             0.063      0.003     23.225      0.000

Latent Class 2

 Means
    W6VAX4             3.424      0.038     88.943      0.000
    W6VAX5             3.303      0.040     83.019      0.000
    W6VAX6             2.570      0.037     70.084      0.000
    W6VAX7             2.888      0.036     80.051      0.000
    W6VAX8             2.562      0.037     68.996      0.000
    W6VAX9             2.999      0.000   6712.720      0.000

 Variances
    W6VAX4             0.551      0.022     25.598      0.000
    W6VAX5             0.782      0.027     29.040      0.000
    W6VAX6             0.823      0.021     38.948      0.000
    W6VAX7             0.725      0.024     29.997      0.000
    W6VAX8             1.072      0.024     44.264      0.000
    W6VAX9             0.063      0.003     23.225      0.000

Latent Class 3

 Means
    W6VAX4             3.903      0.025    158.424      0.000
    W6VAX5             3.836      0.028    136.770      0.000
    W6VAX6             3.056      0.031     99.530      0.000
    W6VAX7             3.470      0.037     93.551      0.000
    W6VAX8             2.898      0.034     85.854      0.000
    W6VAX9             4.006      0.002   1629.428      0.000

 Variances
    W6VAX4             0.551      0.022     25.598      0.000
    W6VAX5             0.782      0.027     29.040      0.000
    W6VAX6             0.823      0.021     38.948      0.000
    W6VAX7             0.725      0.024     29.997      0.000
    W6VAX8             1.072      0.024     44.264      0.000
    W6VAX9             0.063      0.003     23.225      0.000

Latent Class 4

 Means
    W6VAX4             4.511      0.025    177.283      0.000
    W6VAX5             4.266      0.032    132.645      0.000
    W6VAX6             3.930      0.032    122.306      0.000
    W6VAX7             4.401      0.031    141.009      0.000
    W6VAX8             3.666      0.041     90.124      0.000
    W6VAX9             4.999      0.000  24747.799      0.000

 Variances
    W6VAX4             0.551      0.022     25.598      0.000
    W6VAX5             0.782      0.027     29.040      0.000
    W6VAX6             0.823      0.021     38.948      0.000
    W6VAX7             0.725      0.024     29.997      0.000
    W6VAX8             1.072      0.024     44.264      0.000
    W6VAX9             0.063      0.003     23.225      0.000

Latent Class 5

 Means
    W6VAX4             4.184      0.045     92.531      0.000
    W6VAX5             3.916      0.049     79.200      0.000
    W6VAX6             3.225      0.049     65.607      0.000
    W6VAX7             3.753      0.057     65.432      0.000
    W6VAX8             3.210      0.054     59.097      0.000
    W6VAX9             1.637      0.024     67.640      0.000

 Variances
    W6VAX4             0.551      0.022     25.598      0.000
    W6VAX5             0.782      0.027     29.040      0.000
    W6VAX6             0.823      0.021     38.948      0.000
    W6VAX7             0.725      0.024     29.997      0.000
    W6VAX8             1.072      0.024     44.264      0.000
    W6VAX9             0.063      0.003     23.225      0.000

Categorical Latent Variables

 Means
    C#1               -1.164      0.146     -7.960      0.000
    C#2               -0.184      0.066     -2.779      0.005
    C#3                0.352      0.059      5.971      0.000
    C#4                0.377      0.059      6.406      0.000


QUALITY OF NUMERICAL RESULTS

     Condition Number for the Information Matrix              0.290E-05
       (ratio of smallest to largest eigenvalue)


DIAGRAM INFORMATION

  Mplus diagrams are currently not available for Mixture analysis.
  No diagram output was produced.


     Beginning Time:  23:19:11
        Ending Time:  23:19:15
       Elapsed Time:  00:00:04



MUTHEN & MUTHEN
3463 Stoner Ave.
Los Angeles, CA  90066

Tel: (310) 391-9971
Fax: (310) 391-8971
Web: www.StatModel.com
Support: Support@StatModel.com

Copyright (c) 1998-2019 Muthen & Muthen
