Mplus VERSION 8.4
MUTHEN & MUTHEN
11/18/2020   9:33 PM

INPUT INSTRUCTIONS

  Title:
    Stata2Mplus conversion for C:\Users\pkb16122\Dropbox\Grants and Applications\VaccineUKRI
    List of variables converted shown below

    id :
    weight : Case weight - Panel
    vac1 : Getting vaccines is a good way to protect children from disease.
      1: Strongly agree
      2: Agree
      3: Neither agree nor disagree
      4: Disagree
      5: Strongly disagree
    vac2 : Generally, I do what my doctor recommends about vaccines.
      1: Strongly agree
      2: Agree
      3: Neither agree nor disagree
      4: Disagree
      5: Strongly disagree
    vac3 : New vaccines are recommended only if they are safe.
      1: Strongly agree
      2: Agree
      3: Neither agree nor disagree
      4: Disagree
      5: Strongly disagree
    vac4 : Children do not need vaccines for diseases that are not common anymore.
      1: Strongly agree
      2: Agree
      3: Neither agree nor disagree
      4: Disagree
      5: Strongly disagree
    vac5 : Enough children are vaccinated so that even unvaccinated children are safe from
      1: Strongly agree
      2: Agree
      3: Neither agree nor disagree
      4: Disagree
      5: Strongly disagree
    vac6 : I am concerned about serious side effects of vaccines.
      1: Strongly agree
      2: Agree
      3: Neither agree nor disagree
      4: Disagree
      5: Strongly disagree
    vac7 : Some vaccines cause autism in healthy children
      1: Strongly agree
      2: Agree
      3: Neither agree nor disagree
      4: Disagree
      5: Strongly disagree
    vac8 : Parents should have the right to refuse vaccines required for (not by) schools f
      1: Strongly agree
      2: Agree
      3: Neither agree nor disagree
      4: Disagree
      5: Strongly disagree
    vac9 : The risks that vaccinations pose to children outweigh their health benefits.
      1: Strongly agree
      2: Agree
      3: Neither agree nor disagree
      4: Disagree
      5: Strongly disagree
    vac10 : Vaccinations are one of the most significant achievements in improving public he
      1: Strongly agree
      2: Agree
      3: Neither agree nor disagree
      4: Disagree
      5: Strongly disagree
    group :
    _merge :
      1: master only (1)
      2: using only (2)

  Data:
    File is stacked.dat ;
  Variable:
    Names are
       id weight vac1 vac2 vac3 vac4 vac5 vac6 vac7 vac8 vac9 vac10 group
       merge;
    Usevariables are vac1-vac10;
    Categorical are vac1-vac10;
    Missing are all (-9999) ;
    weight=weight;
    idvariable is id;
   ! useobservations are group EQ 1;
   group is group (0=UK 1=US);
  Analysis:
    Estimator is WLSMV ;
    Parameterization is theta;
   ! difftest is configural.dta;

  Model:

  VaccineL by vac1@1 vac2-vac10;
  methods by vac4@1 vac5-vac9;
  vac4 with vac5;
  methods with VaccineL@0;

  vac1@1;
  vac2@1;
  vac3@1;
  vac4@1;
  vac5@1;
  vac6@1;
  vac7@1;
  vac8@1;
  vac9@1;
  vac10@1;



  Model US:
  VaccineL by vac1@1 vac2-vac10;
  methods by vac4@1 vac5-vac9;
  vac4 with vac5;
  methods with VaccineL@0;


  [VaccineL@0];
  [methods@0];
  [VAC1$2*];
  [VAC1$3*];
  [VAC1$4*];
  [VAC2$1*];
  [VAC2$2*];
  [VAC2$3*];
  [VAC2$4*];
  [VAC3$1*];
  [VAC3$2*];
  [VAC3$3*];
  [VAC3$4*];

  [VAC4$2*];
  [VAC4$3*];
  [VAC4$4*];
  [VAC5$1*];
  [VAC5$2*];
  [VAC5$3*];
  [VAC5$4*];
  [VAC6$1*];
  [VAC6$2*];
  [VAC6$3*];
  [VAC6$4*];
  [VAC7$1*];
  [VAC7$2*];
  [VAC7$3*];
  [VAC7$4*];
  [VAC8$1*];
  [VAC8$2*];
  [VAC8$3*];
  [VAC8$4*];
  [VAC9$1*];
  [VAC9$2*];
  [VAC9$3*];
  [VAC9$4*];
  [VAC10$1*];
  [VAC10$2*];
  [VAC10$3*];
  [VAC10$4*];
  [VAC10$2*];
  [VAC10$3*];
  [VAC10$4*];


  vac1@1;
  vac2@1;
  vac3@1;
  vac4@1;
  vac5@1;
  vac6@1;
  vac7@1;
  vac8@1;
  vac9@1;
  vac10@1;


  Output:
  stdyx;
  mod(10);


  Savedata:

    difftest is configural.dta;



*** WARNING
  Input line exceeded 90 characters. Some input may be truncated.
    Stata2Mplus conversion for C:\Users\pkb16122\Dropbox\Grants and Applications\VaccineUKRI_
*** WARNING
  Data set contains cases with missing on all variables.
  These cases were not included in the analysis.
  Number of cases with missing on all variables:  1567
   2 WARNING(S) FOUND IN THE INPUT INSTRUCTIONS




Stata2Mplus conversion for C:\Users\pkb16122\Dropbox\Grants and Applications\VaccineUKRI
List of variables converted shown below

id :
weight : Case weight - Panel
vac1 : Getting vaccines is a good way to protect children from disease.
1: Strongly agree
2: Agree
3: Neither agree nor disagree
4: Disagree
5: Strongly disagree
vac2 : Generally, I do what my doctor recommends about vaccines.
1: Strongly agree
2: Agree
3: Neither agree nor disagree
4: Disagree
5: Strongly disagree
vac3 : New vaccines are recommended only if they are safe.
1: Strongly agree
2: Agree
3: Neither agree nor disagree
4: Disagree
5: Strongly disagree
vac4 : Children do not need vaccines for diseases that are not common anymore.
1: Strongly agree
2: Agree
3: Neither agree nor disagree
4: Disagree
5: Strongly disagree
vac5 : Enough children are vaccinated so that even unvaccinated children are safe from
1: Strongly agree
2: Agree
3: Neither agree nor disagree
4: Disagree
5: Strongly disagree
vac6 : I am concerned about serious side effects of vaccines.
1: Strongly agree
2: Agree
3: Neither agree nor disagree
4: Disagree
5: Strongly disagree
vac7 : Some vaccines cause autism in healthy children
1: Strongly agree
2: Agree
3: Neither agree nor disagree
4: Disagree
5: Strongly disagree
vac8 : Parents should have the right to refuse vaccines required for (not by) schools f
1: Strongly agree
2: Agree
3: Neither agree nor disagree
4: Disagree
5: Strongly disagree
vac9 : The risks that vaccinations pose to children outweigh their health benefits.
1: Strongly agree
2: Agree
3: Neither agree nor disagree
4: Disagree
5: Strongly disagree
vac10 : Vaccinations are one of the most significant achievements in improving public he
1: Strongly agree
2: Agree
3: Neither agree nor disagree
4: Disagree
5: Strongly disagree
group :
_merge :
1: master only (1)
2: using only (2)

SUMMARY OF ANALYSIS

Number of groups                                                 2
Number of observations
   Group UK                                                   3932
   Group US                                                   2932
   Total sample size                                          6864

Number of dependent variables                                   10
Number of independent variables                                  0
Number of continuous latent variables                            2

Observed dependent variables

  Binary and ordered categorical (ordinal)
   VAC1        VAC2        VAC3        VAC4        VAC5        VAC6
   VAC7        VAC8        VAC9        VAC10

Continuous latent variables
   VACCINEL    METHODS

Variables with special functions

  Grouping variable     GROUP
  Weight variable       WEIGHT
  ID variable           ID

Estimator                                                    WLSMV
Maximum number of iterations                                  1000
Convergence criterion                                    0.500D-04
Maximum number of steepest descent iterations                   20
Maximum number of iterations for H1                           2000
Convergence criterion for H1                             0.100D-03
Parameterization                                             THETA
Link                                                        PROBIT

Input data file(s)
  stacked.dat

Input data format  FREE


SUMMARY OF DATA

   Group UK
     Number of missing data patterns           181

   Group US
     Number of missing data patterns           127


COVARIANCE COVERAGE OF DATA

Minimum covariance coverage value   0.100


     PROPORTION OF DATA PRESENT FOR UK


           Covariance Coverage
              VAC1          VAC2          VAC3          VAC4          VAC5
              ________      ________      ________      ________      ________
 VAC1           0.989
 VAC2           0.977         0.986
 VAC3           0.935         0.930         0.939
 VAC4           0.943         0.938         0.903         0.947
 VAC5           0.914         0.909         0.878         0.892         0.916
 VAC6           0.968         0.963         0.924         0.932         0.901
 VAC7           0.736         0.734         0.719         0.724         0.710
 VAC8           0.942         0.938         0.903         0.911         0.883
 VAC9           0.941         0.934         0.905         0.915         0.887
 VAC10          0.976         0.969         0.932         0.939         0.910


           Covariance Coverage
              VAC6          VAC7          VAC8          VAC9          VAC10
              ________      ________      ________      ________      ________
 VAC6           0.974
 VAC7           0.734         0.739
 VAC8           0.931         0.719         0.948
 VAC9           0.930         0.727         0.909         0.944
 VAC10          0.961         0.734         0.936         0.937         0.982


     PROPORTION OF DATA PRESENT FOR US


           Covariance Coverage
              VAC1          VAC2          VAC3          VAC4          VAC5
              ________      ________      ________      ________      ________
 VAC1           0.990
 VAC2           0.982         0.990
 VAC3           0.931         0.928         0.935
 VAC4           0.957         0.955         0.911         0.962
 VAC5           0.954         0.950         0.909         0.934         0.956
 VAC6           0.977         0.978         0.927         0.952         0.945
 VAC7           0.827         0.826         0.807         0.817         0.815
 VAC8           0.961         0.959         0.913         0.939         0.934
 VAC9           0.952         0.948         0.908         0.934         0.927
 VAC10          0.979         0.976         0.926         0.952         0.949


           Covariance Coverage
              VAC6          VAC7          VAC8          VAC9          VAC10
              ________      ________      ________      ________      ________
 VAC6           0.986
 VAC7           0.825         0.830
 VAC8           0.956         0.818         0.966
 VAC9           0.946         0.818         0.934         0.954
 VAC10          0.972         0.825         0.957         0.948         0.983


UNIVARIATE PROPORTIONS AND COUNTS FOR CATEGORICAL VARIABLES

  Group UK
    VAC1
      Category 1    0.007           28.667
      Category 2    0.012           48.477
      Category 3    0.073          283.120
      Category 4    0.436         1692.880
      Category 5    0.472         1832.409
    VAC2
      Category 1    0.012           47.640
      Category 2    0.032          123.700
      Category 3    0.146          567.029
      Category 4    0.523         2024.851
      Category 5    0.286         1108.394
    VAC3
      Category 1    0.010           36.822
      Category 2    0.038          140.526
      Category 3    0.183          679.214
      Category 4    0.524         1946.270
      Category 5    0.245          910.013
    VAC4
      Category 1    0.019           68.892
      Category 2    0.070          259.526
      Category 3    0.168          624.123
      Category 4    0.433         1609.796
      Category 5    0.311         1157.796
    VAC5
      Category 1    0.029          104.528
      Category 2    0.090          324.884
      Category 3    0.208          746.940
      Category 4    0.406         1459.296
      Category 5    0.268          962.841
    VAC6
      Category 1    0.058          221.795
      Category 2    0.207          793.905
      Category 3    0.343         1313.631
      Category 4    0.269         1030.436
      Category 5    0.122          468.703
    VAC7
      Category 1    0.036          105.104
      Category 2    0.118          342.501
      Category 3    0.321          933.152
      Category 4    0.257          746.794
      Category 5    0.269          782.326
    VAC8
      Category 1    0.082          305.467
      Category 2    0.270         1007.601
      Category 3    0.271         1007.715
      Category 4    0.259          964.757
      Category 5    0.118          439.832
    VAC9
      Category 1    0.096          353.721
      Category 2    0.164          607.140
      Category 3    0.162          601.182
      Category 4    0.280         1038.145
      Category 5    0.298         1101.623
    VAC10
      Category 1    0.008           30.419
      Category 2    0.021           79.216
      Category 3    0.113          437.516
      Category 4    0.432         1668.200
      Category 5    0.426         1644.576

  Group US
    VAC1
      Category 1    0.027           76.847
      Category 2    0.020           58.936
      Category 3    0.156          452.342
      Category 4    0.315          910.599
      Category 5    0.482         1395.121
    VAC2
      Category 1    0.039          113.652
      Category 2    0.051          147.375
      Category 3    0.227          657.695
      Category 4    0.396         1146.824
      Category 5    0.287          830.670
    VAC3
      Category 1    0.049          131.846
      Category 2    0.085          230.459
      Category 3    0.263          712.758
      Category 4    0.381         1032.893
      Category 5    0.223          604.200
    VAC4
      Category 1    0.042          118.301
      Category 2    0.082          230.310
      Category 3    0.208          581.712
      Category 4    0.274          766.338
      Category 5    0.393         1098.653
    VAC5
      Category 1    0.051          139.348
      Category 2    0.099          271.828
      Category 3    0.226          620.454
      Category 4    0.273          752.149
      Category 5    0.352          966.881
    VAC6
      Category 1    0.109          314.065
      Category 2    0.211          607.638
      Category 3    0.264          761.080
      Category 4    0.234          674.112
      Category 5    0.181          522.080
    VAC7
      Category 1    0.061          147.932
      Category 2    0.126          304.209
      Category 3    0.295          713.826
      Category 4    0.181          437.517
      Category 5    0.338          817.957
    VAC8
      Category 1    0.131          368.910
      Category 2    0.164          459.833
      Category 3    0.213          600.275
      Category 4    0.231          649.571
      Category 5    0.261          733.061
    VAC9
      Category 1    0.113          311.147
      Category 2    0.128          354.844
      Category 3    0.233          645.363
      Category 4    0.206          568.157
      Category 5    0.320          885.143
    VAC10
      Category 1    0.022           62.105
      Category 2    0.041          117.350
      Category 3    0.196          559.770
      Category 4    0.326          930.152
      Category 5    0.415         1182.642



THE MODEL ESTIMATION TERMINATED NORMALLY



MODEL FIT INFORMATION

Number of Free Parameters                      112

Chi-Square Test of Model Fit

          Value                            508.709*
          Degrees of Freedom                    58
          P-Value                           0.0000

Chi-Square Contribution From Each Group

          UK                               240.408
          US                               268.301

*   The chi-square value for MLM, MLMV, MLR, ULSMV, WLSM and WLSMV cannot be used
    for chi-square difference testing in the regular way.  MLM, MLR and WLSM
    chi-square difference testing is described on the Mplus website.  MLMV, WLSMV,
    and ULSMV difference testing is done using the DIFFTEST option.

RMSEA (Root Mean Square Error Of Approximation)

          Estimate                           0.048
          90 Percent C.I.                    0.044  0.051
          Probability RMSEA <= .05           0.847

CFI/TLI

          CFI                                0.989
          TLI                                0.983

Chi-Square Test of Model Fit for the Baseline Model

          Value                          41069.900
          Degrees of Freedom                    90
          P-Value                           0.0000

SRMR (Standardized Root Mean Square Residual)

          Value                              0.021

Optimum Function Value for Weighted Least-Squares Estimator

          Value                     0.17338534D-01



MODEL RESULTS

                                                    Two-Tailed
                    Estimate       S.E.  Est./S.E.    P-Value

Group UK

 VACCINEL BY
    VAC1               1.000      0.000    999.000    999.000
    VAC2               0.513      0.029     17.787      0.000
    VAC3               0.430      0.025     17.482      0.000
    VAC4               0.369      0.020     18.241      0.000
    VAC5               0.242      0.016     15.319      0.000
    VAC6               0.292      0.019     14.993      0.000
    VAC7               0.525      0.037     14.053      0.000
    VAC8               0.219      0.015     14.538      0.000
    VAC9               0.175      0.012     14.550      0.000
    VAC10              0.692      0.044     15.744      0.000

 METHODS  BY
    VAC4               1.000      0.000    999.000    999.000
    VAC5               0.841      0.046     18.272      0.000
    VAC6               1.469      0.084     17.413      0.000
    VAC7               2.459      0.188     13.068      0.000
    VAC8               1.096      0.065     16.915      0.000
    VAC9               0.926      0.055     16.746      0.000

 METHODS  WITH
    VACCINEL           0.000      0.000    999.000    999.000

 VAC4     WITH
    VAC5               0.312      0.016     19.394      0.000

 Means
    VACCINEL           0.000      0.000    999.000    999.000
    METHODS            0.000      0.000    999.000    999.000

 Thresholds
    VAC1$1            -5.486      0.187    -29.369      0.000
    VAC1$2            -4.576      0.178    -25.723      0.000
    VAC1$3            -2.946      0.129    -22.851      0.000
    VAC1$4             0.159      0.048      3.298      0.001
    VAC2$1            -3.208      0.085    -37.872      0.000
    VAC2$2            -2.432      0.056    -43.119      0.000
    VAC2$3            -1.250      0.039    -31.807      0.000
    VAC2$4             0.805      0.033     24.495      0.000
    VAC3$1            -3.067      0.082    -37.472      0.000
    VAC3$2            -2.193      0.051    -43.224      0.000
    VAC3$3            -0.969      0.034    -28.573      0.000
    VAC3$4             0.908      0.032     28.111      0.000
    VAC4$1            -2.920      0.066    -43.979      0.000
    VAC4$2            -1.852      0.049    -37.664      0.000
    VAC4$3            -0.898      0.036    -24.799      0.000
    VAC4$4             0.674      0.032     21.261      0.000
    VAC5$1            -2.298      0.057    -40.621      0.000
    VAC5$2            -1.429      0.038    -37.607      0.000
    VAC5$3            -0.544      0.030    -18.288      0.000
    VAC5$4             0.752      0.029     25.672      0.000
    VAC6$1            -2.260      0.056    -40.452      0.000
    VAC6$2            -0.901      0.036    -25.317      0.000
    VAC6$3             0.396      0.032     12.329      0.000
    VAC6$4             1.671      0.042     39.355      0.000
    VAC7$1            -3.653      0.150    -24.285      0.000
    VAC7$2            -2.074      0.098    -21.133      0.000
    VAC7$3            -0.130      0.053     -2.459      0.014
    VAC7$4             1.253      0.060     20.941      0.000
    VAC8$1            -1.758      0.042    -41.808      0.000
    VAC8$2            -0.478      0.029    -16.218      0.000
    VAC8$3             0.396      0.029     13.863      0.000
    VAC8$4             1.497      0.036     41.063      0.000
    VAC9$1            -1.553      0.035    -44.979      0.000
    VAC9$2            -0.766      0.029    -26.644      0.000
    VAC9$3            -0.234      0.027     -8.604      0.000
    VAC9$4             0.631      0.028     22.851      0.000
    VAC10$1           -4.105      0.120    -34.342      0.000
    VAC10$2           -3.240      0.092    -35.111      0.000
    VAC10$3           -1.824      0.062    -29.287      0.000
    VAC10$4            0.317      0.037      8.630      0.000

 Variances
    VACCINEL           3.949      0.382     10.325      0.000
    METHODS            0.338      0.037      9.088      0.000

 Residual Variances
    VAC1               1.000      0.000    999.000    999.000
    VAC2               1.000      0.000    999.000    999.000
    VAC3               1.000      0.000    999.000    999.000
    VAC4               1.000      0.000    999.000    999.000
    VAC5               1.000      0.000    999.000    999.000
    VAC6               1.000      0.000    999.000    999.000
    VAC7               1.000      0.000    999.000    999.000
    VAC8               1.000      0.000    999.000    999.000
    VAC9               1.000      0.000    999.000    999.000
    VAC10              1.000      0.000    999.000    999.000

Group US

 VACCINEL BY
    VAC1               1.000      0.000    999.000    999.000
    VAC2               0.437      0.029     15.034      0.000
    VAC3               0.296      0.021     13.882      0.000
    VAC4               0.458      0.029     15.962      0.000
    VAC5               0.248      0.021     11.591      0.000
    VAC6               0.319      0.026     12.395      0.000
    VAC7               0.519      0.040     12.880      0.000
    VAC8               0.421      0.037     11.471      0.000
    VAC9               0.190      0.016     12.236      0.000
    VAC10              0.751      0.062     12.076      0.000

 METHODS  BY
    VAC4               1.000      0.000    999.000    999.000
    VAC5               0.805      0.062     12.986      0.000
    VAC6               1.097      0.088     12.409      0.000
    VAC7               1.675      0.147     11.398      0.000
    VAC8               1.173      0.093     12.663      0.000
    VAC9               0.797      0.062     12.881      0.000

 METHODS  WITH
    VACCINEL           0.000      0.000    999.000    999.000

 VAC4     WITH
    VAC5               0.298      0.025     11.944      0.000

 Means
    VACCINEL           0.000      0.000    999.000    999.000
    METHODS            0.000      0.000    999.000    999.000

 Thresholds
    VAC1$1            -5.486      0.187    -29.369      0.000
    VAC1$2            -4.876      0.199    -24.512      0.000
    VAC1$3            -2.417      0.175    -13.844      0.000
    VAC1$4             0.131      0.106      1.238      0.216
    VAC2$1            -2.742      0.106    -25.913      0.000
    VAC2$2            -2.089      0.084    -24.881      0.000
    VAC2$3            -0.741      0.065    -11.389      0.000
    VAC2$4             0.877      0.057     15.339      0.000
    VAC3$1            -2.133      0.081    -26.344      0.000
    VAC3$2            -1.428      0.060    -23.874      0.000
    VAC3$3            -0.338      0.049     -6.870      0.000
    VAC3$4             0.981      0.055     17.837      0.000
    VAC4$1            -2.920      0.066    -43.979      0.000
    VAC4$2            -2.060      0.087    -23.717      0.000
    VAC4$3            -0.773      0.076    -10.119      0.000
    VAC4$4             0.485      0.064      7.532      0.000
    VAC5$1            -2.241      0.100    -22.390      0.000
    VAC5$2            -1.421      0.072    -19.637      0.000
    VAC5$3            -0.436      0.056     -7.792      0.000
    VAC5$4             0.521      0.048     10.830      0.000
    VAC6$1            -1.957      0.084    -23.288      0.000
    VAC6$2            -0.743      0.061    -12.114      0.000
    VAC6$3             0.339      0.059      5.793      0.000
    VAC6$4             1.446      0.064     22.624      0.000
    VAC7$1            -3.381      0.165    -20.524      0.000
    VAC7$2            -1.948      0.125    -15.519      0.000
    VAC7$3            -0.101      0.089     -1.140      0.254
    VAC7$4             0.916      0.082     11.176      0.000
    VAC8$1            -2.003      0.091    -21.905      0.000
    VAC8$2            -0.965      0.073    -13.199      0.000
    VAC8$3             0.037      0.066      0.562      0.574
    VAC8$4             1.146      0.072     15.890      0.000
    VAC9$1            -1.568      0.056    -28.090      0.000
    VAC9$2            -0.909      0.051    -17.736      0.000
    VAC9$3            -0.083      0.048     -1.723      0.085
    VAC9$4             0.604      0.047     12.966      0.000
    VAC10$1           -4.607      0.196    -23.517      0.000
    VAC10$2           -3.498      0.175    -19.944      0.000
    VAC10$3           -1.475      0.124    -11.883      0.000
    VAC10$4            0.492      0.080      6.145      0.000

 Variances
    VACCINEL           7.475      0.904      8.268      0.000
    METHODS            0.633      0.089      7.126      0.000

 Residual Variances
    VAC1               1.000      0.000    999.000    999.000
    VAC2               1.000      0.000    999.000    999.000
    VAC3               1.000      0.000    999.000    999.000
    VAC4               1.000      0.000    999.000    999.000
    VAC5               1.000      0.000    999.000    999.000
    VAC6               1.000      0.000    999.000    999.000
    VAC7               1.000      0.000    999.000    999.000
    VAC8               1.000      0.000    999.000    999.000
    VAC9               1.000      0.000    999.000    999.000
    VAC10              1.000      0.000    999.000    999.000


STANDARDIZED MODEL RESULTS


STDYX Standardization

                                                    Two-Tailed
                    Estimate       S.E.  Est./S.E.    P-Value

Group UK

 VACCINEL BY
    VAC1               0.893      0.009    102.199      0.000
    VAC2               0.714      0.011     66.622      0.000
    VAC3               0.650      0.012     55.007      0.000
    VAC4               0.536      0.014     39.346      0.000
    VAC5               0.397      0.015     26.473      0.000
    VAC6               0.404      0.016     25.935      0.000
    VAC7               0.513      0.017     30.611      0.000
    VAC8               0.345      0.017     20.527      0.000
    VAC9               0.293      0.015     19.302      0.000
    VAC10              0.809      0.010     81.685      0.000

 METHODS  BY
    VAC4               0.424      0.019     22.903      0.000
    VAC5               0.403      0.019     21.105      0.000
    VAC6               0.594      0.014     41.699      0.000
    VAC7               0.703      0.016     45.232      0.000
    VAC8               0.504      0.017     30.276      0.000
    VAC9               0.453      0.017     27.283      0.000

 METHODS  WITH
    VACCINEL           0.000      0.000    999.000    999.000

 VAC4     WITH
    VAC5               0.312      0.016     19.394      0.000

 Means
    VACCINEL           0.000      0.000    999.000    999.000
    METHODS            0.000      0.000    999.000    999.000

 Thresholds
    VAC1$1            -2.466      0.073    -33.755      0.000
    VAC1$2            -2.057      0.057    -36.387      0.000
    VAC1$3            -1.324      0.032    -41.761      0.000
    VAC1$4             0.071      0.022      3.236      0.001
    VAC2$1            -2.247      0.059    -37.942      0.000
    VAC2$2            -1.703      0.037    -45.850      0.000
    VAC2$3            -0.875      0.025    -34.595      0.000
    VAC2$4             0.564      0.024     23.950      0.000
    VAC3$1            -2.330      0.061    -38.214      0.000
    VAC3$2            -1.667      0.037    -45.071      0.000
    VAC3$3            -0.737      0.025    -29.709      0.000
    VAC3$4             0.690      0.025     27.472      0.000
    VAC4$1            -2.132      0.054    -39.765      0.000
    VAC4$2            -1.352      0.035    -39.118      0.000
    VAC4$3            -0.655      0.025    -26.180      0.000
    VAC4$4             0.492      0.023     21.052      0.000
    VAC5$1            -1.895      0.050    -37.965      0.000
    VAC5$2            -1.178      0.031    -37.422      0.000
    VAC5$3            -0.449      0.024    -18.567      0.000
    VAC5$4             0.620      0.024     25.500      0.000
    VAC6$1            -1.572      0.036    -43.104      0.000
    VAC6$2            -0.627      0.024    -26.319      0.000
    VAC6$3             0.275      0.023     12.216      0.000
    VAC6$4             1.163      0.029     40.276      0.000
    VAC7$1            -1.797      0.047    -38.326      0.000
    VAC7$2            -1.020      0.032    -31.976      0.000
    VAC7$3            -0.064      0.026     -2.501      0.012
    VAC7$4             0.616      0.027     22.487      0.000
    VAC8$1            -1.392      0.033    -42.437      0.000
    VAC8$2            -0.379      0.023    -16.316      0.000
    VAC8$3             0.313      0.023     13.784      0.000
    VAC8$4             1.185      0.029     41.354      0.000
    VAC9$1            -1.307      0.031    -42.341      0.000
    VAC9$2            -0.645      0.024    -26.610      0.000
    VAC9$3            -0.197      0.023     -8.657      0.000
    VAC9$4             0.531      0.024     22.455      0.000
    VAC10$1           -2.414      0.071    -34.050      0.000
    VAC10$2           -1.905      0.049    -39.112      0.000
    VAC10$3           -1.072      0.029    -37.187      0.000
    VAC10$4            0.187      0.022      8.422      0.000

 Variances
    VACCINEL           1.000      0.000    999.000    999.000
    METHODS            1.000      0.000    999.000    999.000

 Residual Variances
    VAC1               0.202      0.016     12.940      0.000
    VAC2               0.491      0.015     32.079      0.000
    VAC3               0.577      0.015     37.580      0.000
    VAC4               0.533      0.017     30.981      0.000
    VAC5               0.680      0.017     40.075      0.000
    VAC6               0.484      0.015     31.535      0.000
    VAC7               0.242      0.019     13.020      0.000
    VAC8               0.627      0.016     39.520      0.000
    VAC9               0.709      0.015     47.410      0.000
    VAC10              0.346      0.016     21.575      0.000

Group US

 VACCINEL BY
    VAC1               0.939      0.007    140.144      0.000
    VAC2               0.767      0.013     57.761      0.000
    VAC3               0.629      0.019     33.765      0.000
    VAC4               0.700      0.017     41.940      0.000
    VAC5               0.496      0.021     23.718      0.000
    VAC6               0.550      0.022     25.432      0.000
    VAC7               0.648      0.018     35.302      0.000
    VAC8               0.644      0.021     30.769      0.000
    VAC9               0.401      0.024     17.020      0.000
    VAC10              0.899      0.010     88.256      0.000

 METHODS  BY
    VAC4               0.445      0.024     18.851      0.000
    VAC5               0.468      0.027     17.509      0.000
    VAC6               0.549      0.020     27.380      0.000
    VAC7               0.609      0.023     26.492      0.000
    VAC8               0.522      0.021     24.706      0.000
    VAC9               0.490      0.022     22.478      0.000

 METHODS  WITH
    VACCINEL           0.000      0.000    999.000    999.000

 VAC4     WITH
    VAC5               0.298      0.025     11.944      0.000

 Means
    VACCINEL           0.000      0.000    999.000    999.000
    METHODS            0.000      0.000    999.000    999.000

 Thresholds
    VAC1$1            -1.884      0.089    -21.292      0.000
    VAC1$2            -1.675      0.066    -25.222      0.000
    VAC1$3            -0.830      0.046    -17.855      0.000
    VAC1$4             0.045      0.036      1.232      0.218
    VAC2$1            -1.759      0.070    -24.989      0.000
    VAC2$2            -1.340      0.052    -25.655      0.000
    VAC2$3            -0.476      0.041    -11.723      0.000
    VAC2$4             0.563      0.038     14.990      0.000
    VAC3$1            -1.658      0.062    -26.610      0.000
    VAC3$2            -1.110      0.046    -24.172      0.000
    VAC3$3            -0.263      0.038     -6.873      0.000
    VAC3$4             0.763      0.043     17.670      0.000
    VAC4$1            -1.632      0.058    -28.067      0.000
    VAC4$2            -1.151      0.052    -22.250      0.000
    VAC4$3            -0.432      0.041    -10.509      0.000
    VAC4$4             0.271      0.037      7.428      0.000
    VAC5$1            -1.638      0.072    -22.757      0.000
    VAC5$2            -1.039      0.051    -20.254      0.000
    VAC5$3            -0.319      0.040     -7.981      0.000
    VAC5$4             0.381      0.036     10.618      0.000
    VAC6$1            -1.232      0.054    -22.870      0.000
    VAC6$2            -0.467      0.039    -11.981      0.000
    VAC6$3             0.213      0.037      5.837      0.000
    VAC6$4             0.910      0.040     22.718      0.000
    VAC7$1            -1.545      0.063    -24.572      0.000
    VAC7$2            -0.890      0.049    -18.130      0.000
    VAC7$3            -0.046      0.040     -1.151      0.250
    VAC7$4             0.418      0.041     10.239      0.000
    VAC8$1            -1.121      0.052    -21.388      0.000
    VAC8$2            -0.540      0.041    -13.278      0.000
    VAC8$3             0.021      0.037      0.561      0.575
    VAC8$4             0.641      0.039     16.566      0.000
    VAC9$1            -1.213      0.051    -23.982      0.000
    VAC9$2            -0.703      0.042    -16.738      0.000
    VAC9$3            -0.064      0.037     -1.724      0.085
    VAC9$4             0.467      0.037     12.602      0.000
    VAC10$1           -2.017      0.077    -26.195      0.000
    VAC10$2           -1.531      0.063    -24.199      0.000
    VAC10$3           -0.646      0.043    -14.896      0.000
    VAC10$4            0.215      0.036      5.964      0.000

 Variances
    VACCINEL           1.000      0.000    999.000    999.000
    METHODS            1.000      0.000    999.000    999.000

 Residual Variances
    VAC1               0.118      0.013      9.374      0.000
    VAC2               0.412      0.020     20.197      0.000
    VAC3               0.604      0.023     25.794      0.000
    VAC4               0.312      0.020     15.949      0.000
    VAC5               0.535      0.027     20.050      0.000
    VAC6               0.396      0.020     19.579      0.000
    VAC7               0.209      0.018     11.360      0.000
    VAC8               0.313      0.021     14.842      0.000
    VAC9               0.598      0.023     26.083      0.000
    VAC10              0.192      0.018     10.460      0.000


R-SQUARE

Group UK

    Observed                                        Two-Tailed     Scale
    Variable        Estimate       S.E.  Est./S.E.    P-Value     Factors

    VAC1               0.798      0.016     51.100      0.000      0.450
    VAC2               0.509      0.015     33.311      0.000      0.700
    VAC3               0.423      0.015     27.504      0.000      0.760
    VAC4               0.467      0.017     27.164      0.000      0.730
    VAC5               0.320      0.017     18.852      0.000      0.825
    VAC6               0.516      0.015     33.602      0.000      0.696
    VAC7               0.758      0.019     40.769      0.000      0.492
    VAC8               0.373      0.016     23.535      0.000      0.792
    VAC9               0.291      0.015     19.483      0.000      0.842
    VAC10              0.654      0.016     40.842      0.000      0.588

Group US

    Observed                                        Two-Tailed     Scale
    Variable        Estimate       S.E.  Est./S.E.    P-Value     Factors

    VAC1               0.882      0.013     70.072      0.000      0.344
    VAC2               0.588      0.020     28.881      0.000      0.642
    VAC3               0.396      0.023     16.883      0.000      0.777
    VAC4               0.688      0.020     35.111      0.000      0.559
    VAC5               0.465      0.027     17.455      0.000      0.731
    VAC6               0.604      0.020     29.852      0.000      0.629
    VAC7               0.791      0.018     43.032      0.000      0.457
    VAC8               0.687      0.021     32.581      0.000      0.559
    VAC9               0.402      0.023     17.498      0.000      0.774
    VAC10              0.808      0.018     44.128      0.000      0.438


QUALITY OF NUMERICAL RESULTS

     Condition Number for the Information Matrix              0.304E-03
       (ratio of smallest to largest eigenvalue)


MODEL MODIFICATION INDICES

NOTE:  Modification indices for direct effects of observed dependent variables
regressed on covariates and residual covariances among observed dependent
variables may not be included.  To include these, request MODINDICES (ALL).

Minimum M.I. value for printing the modification index    10.000

                                   M.I.     E.P.C.  Std E.P.C.  StdYX E.P.C.
Group UK


BY Statements

VACCINEL BY VAC1                 999.000     0.000      0.000        0.000

ON/BY Statements

VACCINEL ON VACCINEL /
VACCINEL BY VACCINEL             999.000     0.000      0.000        0.000

WITH Statements

VAC3     WITH VAC2                46.652     0.145      0.145        0.145
VAC4     WITH VAC2                10.197    -0.079     -0.079       -0.079
VAC4     WITH VAC3                24.380    -0.112     -0.112       -0.112
VAC5     WITH VAC1                10.255     0.118      0.118        0.118
VAC5     WITH VAC3                24.451    -0.104     -0.104       -0.104
VAC6     WITH VAC4                20.993    -0.126     -0.126       -0.126
VAC6     WITH VAC5                25.331    -0.127     -0.127       -0.127
VAC7     WITH VAC6                13.331     0.179      0.179        0.179
VAC9     WITH VAC4                12.944     0.072      0.072        0.072
VAC9     WITH VAC5                18.944     0.080      0.080        0.080
VAC9     WITH VAC7                11.126    -0.120     -0.120       -0.120
VAC9     WITH VAC8                24.765    -0.097     -0.097       -0.097
VAC10    WITH VAC4                14.931     0.113      0.113        0.113

Group US


BY Statements

VACCINEL BY VAC1                 999.000     0.000      0.000        0.000
METHODS  BY VAC2                  15.945    -0.102     -0.081       -0.052
METHODS  BY VAC3                  29.075    -0.108     -0.086       -0.067
METHODS  BY VAC10                 22.081     0.190      0.151        0.066

ON/BY Statements

VACCINEL ON VACCINEL /
VACCINEL BY VACCINEL             999.000     0.000      0.000        0.000

WITH Statements

VAC3     WITH VAC2                18.222     0.092      0.092        0.092
VAC5     WITH VAC3                11.354    -0.077     -0.077       -0.077
VAC6     WITH VAC5                13.186    -0.115     -0.115       -0.115
VAC7     WITH VAC6                19.086     0.212      0.212        0.212
VAC8     WITH VAC5                21.165     0.161      0.161        0.161
VAC8     WITH VAC7                15.203    -0.221     -0.221       -0.221
VAC9     WITH VAC3                15.826    -0.086     -0.086       -0.086



SAVEDATA INFORMATION


  Difference testing

  Save file
    configural.dta
  Save format      Free

DIAGRAM INFORMATION

  Use View Diagram under the Diagram menu in the Mplus Editor to view the diagram.
  If running Mplus from the Mplus Diagrammer, the diagram opens automatically.

  Diagram output
    c:\users\ts139c\dropbox\grants and applications\vaccineukri_rapid\stackedanalyses\stackedunconstrainedfortaiwan.dgm

     Beginning Time:  21:33:56
        Ending Time:  21:33:56
       Elapsed Time:  00:00:00



MUTHEN & MUTHEN
3463 Stoner Ave.
Los Angeles, CA  90066

Tel: (310) 391-9971
Fax: (310) 391-8971
Web: www.StatModel.com
Support: Support@StatModel.com

Copyright (c) 1998-2019 Muthen & Muthen
