Mplus VERSION 8.4
MUTHEN & MUTHEN
11/18/2020   9:17 PM

INPUT INSTRUCTIONS

  Title:
    Stata2Mplus conversion for C:\Users\pkb16122\Dropbox\Grants and Applications\VaccineUKRI
    List of variables converted shown below

    id : New Panel ID
    W8wave6 :
    w6vax1 : Getting vaccines is a good way to protect children from disease.

    w6vax2 : Generally I do what my doctor recommends about vaccines.

    w6vax3 : New vaccines are recommended only if they are safe.

    w6vax4 : Children do not need vaccines for diseases that are not common anymore.

    w6vax5 : Enough children are vaccinated that even unvaccinated children are safe from di

    w6vax6 : I am concerned about serious side effects of vaccines.

    w6vax7 : Some vaccines cause autism in healthy children.

    w6vax8 : Parents should have the right to refuse vaccines required for schools for any r

    w6vax9 : The risks vaccinations pose to children outweigh their health benefits.


    w6vax10 : Vaccinations are one of the most significant achievements in improving public


  Data:
  File is w6vaxitems.dat;
  Variable:
    Names are
       id W8wave6 w6vax1 w6vax2 w6vax3 w6vax4 w6vax5 w6vax6 w6vax7 w6vax8
       w6vax9 w6vax10;
    Usevariables are w6vax1-w6vax10;
    Categorical are w6vax1-w6vax10;
    Missing are all (-9999) ;
    idvariable is id;
    weight is W8wave6;

  Analysis:
    Estimator is WLSMV;

  Model:
  VaccineL by w6vax1-w6vax10;
  Methods by w6vax4-w6vax9;
  methods with VaccineL@0;
  w6vax4 with w6vax5;

  Output:
  StdY;
  Mod(10);



*** WARNING
  Input line exceeded 90 characters. Some input may be truncated.
    Stata2Mplus conversion for C:\Users\pkb16122\Dropbox\Grants and Applications\VaccineUKRI_
*** WARNING
  Input line exceeded 90 characters. Some input may be truncated.
    w6vax5 : Enough children are vaccinated that even unvaccinated children are safe from dis
*** WARNING
  Input line exceeded 90 characters. Some input may be truncated.
    w6vax8 : Parents should have the right to refuse vaccines required for schools for any re
*** WARNING
  Input line exceeded 90 characters. Some input may be truncated.
    w6vax10 : Vaccinations are one of the most significant achievements in improving public h
*** WARNING
  Data set contains cases with missing on all variables.
  These cases were not included in the analysis.
  Number of cases with missing on all variables:  95
   5 WARNING(S) FOUND IN THE INPUT INSTRUCTIONS




Stata2Mplus conversion for C:\Users\pkb16122\Dropbox\Grants and Applications\VaccineUKRI
List of variables converted shown below

id : New Panel ID
W8wave6 :
w6vax1 : Getting vaccines is a good way to protect children from disease.

w6vax2 : Generally I do what my doctor recommends about vaccines.

w6vax3 : New vaccines are recommended only if they are safe.

w6vax4 : Children do not need vaccines for diseases that are not common anymore.

w6vax5 : Enough children are vaccinated that even unvaccinated children are safe from di

w6vax6 : I am concerned about serious side effects of vaccines.

w6vax7 : Some vaccines cause autism in healthy children.

w6vax8 : Parents should have the right to refuse vaccines required for schools for any r

w6vax9 : The risks vaccinations pose to children outweigh their health benefits.


w6vax10 : Vaccinations are one of the most significant achievements in improving public

SUMMARY OF ANALYSIS

Number of groups                                                 1
Number of observations                                        3932

Number of dependent variables                                   10
Number of independent variables                                  0
Number of continuous latent variables                            2

Observed dependent variables

  Binary and ordered categorical (ordinal)
   W6VAX1      W6VAX2      W6VAX3      W6VAX4      W6VAX5      W6VAX6
   W6VAX7      W6VAX8      W6VAX9      W6VAX10

Continuous latent variables
   VACCINEL    METHODS

Variables with special functions

  Weight variable       W8WAVE6
  ID variable           ID

Estimator                                                    WLSMV
Maximum number of iterations                                  1000
Convergence criterion                                    0.500D-04
Maximum number of steepest descent iterations                   20
Maximum number of iterations for H1                           2000
Convergence criterion for H1                             0.100D-03
Parameterization                                             DELTA
Link                                                        PROBIT

Input data file(s)
  w6vaxitems.dat

Input data format  FREE


SUMMARY OF DATA

     Number of missing data patterns           181


COVARIANCE COVERAGE OF DATA

Minimum covariance coverage value   0.100


     PROPORTION OF DATA PRESENT


           Covariance Coverage
              W6VAX1        W6VAX2        W6VAX3        W6VAX4        W6VAX5
              ________      ________      ________      ________      ________
 W6VAX1         0.989
 W6VAX2         0.977         0.986
 W6VAX3         0.935         0.930         0.939
 W6VAX4         0.943         0.938         0.903         0.947
 W6VAX5         0.914         0.909         0.878         0.892         0.916
 W6VAX6         0.968         0.963         0.924         0.932         0.901
 W6VAX7         0.736         0.734         0.719         0.724         0.710
 W6VAX8         0.942         0.938         0.903         0.911         0.883
 W6VAX9         0.941         0.934         0.905         0.915         0.887
 W6VAX10        0.976         0.969         0.932         0.939         0.910


           Covariance Coverage
              W6VAX6        W6VAX7        W6VAX8        W6VAX9        W6VAX10
              ________      ________      ________      ________      ________
 W6VAX6         0.974
 W6VAX7         0.734         0.739
 W6VAX8         0.931         0.719         0.948
 W6VAX9         0.930         0.727         0.909         0.944
 W6VAX10        0.961         0.734         0.936         0.937         0.982


UNIVARIATE PROPORTIONS AND COUNTS FOR CATEGORICAL VARIABLES

    W6VAX1
      Category 1    0.007           28.667
      Category 2    0.012           48.477
      Category 3    0.073          283.120
      Category 4    0.436         1692.880
      Category 5    0.472         1832.409
    W6VAX2
      Category 1    0.012           47.640
      Category 2    0.032          123.700
      Category 3    0.146          567.029
      Category 4    0.523         2024.851
      Category 5    0.286         1108.394
    W6VAX3
      Category 1    0.010           36.822
      Category 2    0.038          140.526
      Category 3    0.183          679.214
      Category 4    0.524         1946.270
      Category 5    0.245          910.013
    W6VAX4
      Category 1    0.019           68.892
      Category 2    0.070          259.526
      Category 3    0.168          624.123
      Category 4    0.433         1609.796
      Category 5    0.311         1157.796
    W6VAX5
      Category 1    0.029          104.528
      Category 2    0.090          324.884
      Category 3    0.208          746.940
      Category 4    0.406         1459.296
      Category 5    0.268          962.841
    W6VAX6
      Category 1    0.058          221.795
      Category 2    0.207          793.905
      Category 3    0.343         1313.631
      Category 4    0.269         1030.436
      Category 5    0.122          468.703
    W6VAX7
      Category 1    0.036          105.104
      Category 2    0.118          342.501
      Category 3    0.321          933.152
      Category 4    0.257          746.794
      Category 5    0.269          782.326
    W6VAX8
      Category 1    0.082          305.467
      Category 2    0.270         1007.601
      Category 3    0.271         1007.715
      Category 4    0.259          964.757
      Category 5    0.118          439.832
    W6VAX9
      Category 1    0.096          353.721
      Category 2    0.164          607.140
      Category 3    0.162          601.182
      Category 4    0.280         1038.145
      Category 5    0.298         1101.623
    W6VAX10
      Category 1    0.008           30.419
      Category 2    0.021           79.216
      Category 3    0.113          437.516
      Category 4    0.432         1668.200
      Category 5    0.426         1644.576



THE MODEL ESTIMATION TERMINATED NORMALLY



MODEL FIT INFORMATION

Number of Free Parameters                       57

Chi-Square Test of Model Fit

          Value                            230.929*
          Degrees of Freedom                    28
          P-Value                           0.0000

*   The chi-square value for MLM, MLMV, MLR, ULSMV, WLSM and WLSMV cannot be used
    for chi-square difference testing in the regular way.  MLM, MLR and WLSM
    chi-square difference testing is described on the Mplus website.  MLMV, WLSMV,
    and ULSMV difference testing is done using the DIFFTEST option.

RMSEA (Root Mean Square Error Of Approximation)

          Estimate                           0.043
          90 Percent C.I.                    0.038  0.048
          Probability RMSEA <= .05           0.988

CFI/TLI

          CFI                                0.991
          TLI                                0.985

Chi-Square Test of Model Fit for the Baseline Model

          Value                          22130.991
          Degrees of Freedom                    45
          P-Value                           0.0000

SRMR (Standardized Root Mean Square Residual)

          Value                              0.017

Optimum Function Value for Weighted Least-Squares Estimator

          Value                     0.14151325D-01



MODEL RESULTS

                                                    Two-Tailed
                    Estimate       S.E.  Est./S.E.    P-Value

 VACCINEL BY
    W6VAX1             1.000      0.000    999.000    999.000
    W6VAX2             0.805      0.015     54.803      0.000
    W6VAX3             0.733      0.015     47.709      0.000
    W6VAX4             0.603      0.016     38.399      0.000
    W6VAX5             0.447      0.018     25.536      0.000
    W6VAX6             0.455      0.018     24.954      0.000
    W6VAX7             0.579      0.020     29.610      0.000
    W6VAX8             0.389      0.019     20.401      0.000
    W6VAX9             0.330      0.017     19.347      0.000
    W6VAX10            0.913      0.016     56.742      0.000

 METHODS  BY
    W6VAX4             1.000      0.000    999.000    999.000
    W6VAX5             0.957      0.043     22.339      0.000
    W6VAX6             1.414      0.061     23.043      0.000
    W6VAX7             1.673      0.075     22.352      0.000
    W6VAX8             1.200      0.055     21.792      0.000
    W6VAX9             1.078      0.051     20.978      0.000

 METHODS  WITH
    VACCINEL           0.000      0.000    999.000    999.000

 W6VAX4   WITH
    W6VAX5             0.190      0.011     16.557      0.000

 Thresholds
    W6VAX1$1          -2.438      0.074    -32.823      0.000
    W6VAX1$2          -2.057      0.057    -36.382      0.000
    W6VAX1$3          -1.324      0.032    -41.763      0.000
    W6VAX1$4           0.071      0.022      3.235      0.001
    W6VAX2$1          -2.247      0.059    -37.949      0.000
    W6VAX2$2          -1.703      0.037    -45.854      0.000
    W6VAX2$3          -0.875      0.025    -34.595      0.000
    W6VAX2$4           0.564      0.024     23.955      0.000
    W6VAX3$1          -2.329      0.061    -38.202      0.000
    W6VAX3$2          -1.667      0.037    -45.080      0.000
    W6VAX3$3          -0.737      0.025    -29.706      0.000
    W6VAX3$4           0.690      0.025     27.472      0.000
    W6VAX4$1          -2.085      0.060    -34.922      0.000
    W6VAX4$2          -1.351      0.035    -39.109      0.000
    W6VAX4$3          -0.656      0.025    -26.184      0.000
    W6VAX4$4           0.492      0.023     21.057      0.000
    W6VAX5$1          -1.895      0.050    -37.970      0.000
    W6VAX5$2          -1.178      0.031    -37.427      0.000
    W6VAX5$3          -0.448      0.024    -18.565      0.000
    W6VAX5$4           0.620      0.024     25.497      0.000
    W6VAX6$1          -1.572      0.036    -43.107      0.000
    W6VAX6$2          -0.627      0.024    -26.317      0.000
    W6VAX6$3           0.275      0.023     12.210      0.000
    W6VAX6$4           1.163      0.029     40.281      0.000
    W6VAX7$1          -1.798      0.047    -38.331      0.000
    W6VAX7$2          -1.020      0.032    -31.974      0.000
    W6VAX7$3          -0.064      0.026     -2.503      0.012
    W6VAX7$4           0.616      0.027     22.486      0.000
    W6VAX8$1          -1.392      0.033    -42.430      0.000
    W6VAX8$2          -0.379      0.023    -16.321      0.000
    W6VAX8$3           0.313      0.023     13.791      0.000
    W6VAX8$4           1.185      0.029     41.353      0.000
    W6VAX9$1          -1.307      0.031    -42.339      0.000
    W6VAX9$2          -0.645      0.024    -26.613      0.000
    W6VAX9$3          -0.197      0.023     -8.657      0.000
    W6VAX9$4           0.531      0.024     22.454      0.000
    W6VAX10$1         -2.414      0.071    -34.060      0.000
    W6VAX10$2         -1.905      0.049    -39.114      0.000
    W6VAX10$3         -1.072      0.029    -37.188      0.000
    W6VAX10$4          0.186      0.022      8.413      0.000

 Variances
    VACCINEL           0.789      0.017     47.123      0.000
    METHODS            0.177      0.016     11.268      0.000


STANDARDIZED MODEL RESULTS


STDY Standardization

                                                    Two-Tailed
                    Estimate       S.E.  Est./S.E.    P-Value

 VACCINEL BY
    W6VAX1             0.888      0.009     94.246      0.000
    W6VAX2             0.715      0.011     66.503      0.000
    W6VAX3             0.651      0.012     54.987      0.000
    W6VAX4             0.535      0.014     39.204      0.000
    W6VAX5             0.397      0.015     26.458      0.000
    W6VAX6             0.404      0.016     25.961      0.000
    W6VAX7             0.514      0.017     30.646      0.000
    W6VAX8             0.345      0.017     20.547      0.000
    W6VAX9             0.293      0.015     19.314      0.000
    W6VAX10            0.811      0.010     80.779      0.000

 METHODS  BY
    W6VAX4             0.420      0.019     22.536      0.000
    W6VAX5             0.402      0.019     21.071      0.000
    W6VAX6             0.594      0.014     41.639      0.000
    W6VAX7             0.703      0.016     45.032      0.000
    W6VAX8             0.504      0.017     30.210      0.000
    W6VAX9             0.453      0.017     27.211      0.000

 METHODS  WITH
    VACCINEL           0.000      0.000    999.000    999.000

 W6VAX4   WITH
    W6VAX5             0.314      0.016     19.481      0.000

 Thresholds
    W6VAX1$1          -2.438      0.074    -32.823      0.000
    W6VAX1$2          -2.057      0.057    -36.382      0.000
    W6VAX1$3          -1.324      0.032    -41.763      0.000
    W6VAX1$4           0.071      0.022      3.235      0.001
    W6VAX2$1          -2.247      0.059    -37.949      0.000
    W6VAX2$2          -1.703      0.037    -45.854      0.000
    W6VAX2$3          -0.875      0.025    -34.595      0.000
    W6VAX2$4           0.564      0.024     23.955      0.000
    W6VAX3$1          -2.329      0.061    -38.202      0.000
    W6VAX3$2          -1.667      0.037    -45.080      0.000
    W6VAX3$3          -0.737      0.025    -29.706      0.000
    W6VAX3$4           0.690      0.025     27.472      0.000
    W6VAX4$1          -2.085      0.060    -34.922      0.000
    W6VAX4$2          -1.351      0.035    -39.109      0.000
    W6VAX4$3          -0.656      0.025    -26.184      0.000
    W6VAX4$4           0.492      0.023     21.057      0.000
    W6VAX5$1          -1.895      0.050    -37.970      0.000
    W6VAX5$2          -1.178      0.031    -37.427      0.000
    W6VAX5$3          -0.448      0.024    -18.565      0.000
    W6VAX5$4           0.620      0.024     25.497      0.000
    W6VAX6$1          -1.572      0.036    -43.107      0.000
    W6VAX6$2          -0.627      0.024    -26.317      0.000
    W6VAX6$3           0.275      0.023     12.210      0.000
    W6VAX6$4           1.163      0.029     40.281      0.000
    W6VAX7$1          -1.798      0.047    -38.331      0.000
    W6VAX7$2          -1.020      0.032    -31.974      0.000
    W6VAX7$3          -0.064      0.026     -2.503      0.012
    W6VAX7$4           0.616      0.027     22.486      0.000
    W6VAX8$1          -1.392      0.033    -42.430      0.000
    W6VAX8$2          -0.379      0.023    -16.321      0.000
    W6VAX8$3           0.313      0.023     13.791      0.000
    W6VAX8$4           1.185      0.029     41.353      0.000
    W6VAX9$1          -1.307      0.031    -42.339      0.000
    W6VAX9$2          -0.645      0.024    -26.613      0.000
    W6VAX9$3          -0.197      0.023     -8.657      0.000
    W6VAX9$4           0.531      0.024     22.454      0.000
    W6VAX10$1         -2.414      0.071    -34.060      0.000
    W6VAX10$2         -1.905      0.049    -39.114      0.000
    W6VAX10$3         -1.072      0.029    -37.188      0.000
    W6VAX10$4          0.186      0.022      8.413      0.000

 Variances
    VACCINEL           1.000      0.000    999.000    999.000
    METHODS            1.000      0.000    999.000    999.000


R-SQUARE

    Observed                                        Two-Tailed   Residual
    Variable        Estimate       S.E.  Est./S.E.    P-Value    Variance

    W6VAX1             0.789      0.017     47.123      0.000      0.211
    W6VAX2             0.511      0.015     33.251      0.000      0.489
    W6VAX3             0.423      0.015     27.493      0.000      0.577
    W6VAX4             0.463      0.017     26.858      0.000      0.537
    W6VAX5             0.320      0.017     18.863      0.000      0.680
    W6VAX6             0.517      0.015     33.602      0.000      0.483
    W6VAX7             0.759      0.019     40.677      0.000      0.241
    W6VAX8             0.374      0.016     23.514      0.000      0.626
    W6VAX9             0.291      0.015     19.453      0.000      0.709
    W6VAX10            0.657      0.016     40.389      0.000      0.343


QUALITY OF NUMERICAL RESULTS

     Condition Number for the Information Matrix              0.420E-03
       (ratio of smallest to largest eigenvalue)


MODEL MODIFICATION INDICES

NOTE:  Modification indices for direct effects of observed dependent variables
regressed on covariates and residual covariances among observed dependent
variables may not be included.  To include these, request MODINDICES (ALL).

Minimum M.I. value for printing the modification index    10.000

                                   M.I.     E.P.C.  Std E.P.C.  StdYX E.P.C.

WITH Statements

W6VAX3   WITH W6VAX2              44.132     0.076      0.076        0.143
W6VAX4   WITH W6VAX2              10.049    -0.041     -0.041       -0.079
W6VAX4   WITH W6VAX3              23.838    -0.062     -0.062       -0.112
W6VAX5   WITH W6VAX1              11.484     0.047      0.047        0.124
W6VAX5   WITH W6VAX3              24.401    -0.066     -0.066       -0.105
W6VAX6   WITH W6VAX4              18.557    -0.061     -0.061       -0.120
W6VAX6   WITH W6VAX5              24.908    -0.073     -0.073       -0.127
W6VAX7   WITH W6VAX6              12.108     0.059      0.059        0.174
W6VAX9   WITH W6VAX4              14.261     0.047      0.047        0.076
W6VAX9   WITH W6VAX5              18.562     0.055      0.055        0.080
W6VAX9   WITH W6VAX7              11.261    -0.050     -0.050       -0.122
W6VAX9   WITH W6VAX8              24.520    -0.065     -0.065       -0.097
W6VAX10  WITH W6VAX4              14.403     0.048      0.048        0.113


DIAGRAM INFORMATION

  Use View Diagram under the Diagram menu in the Mplus Editor to view the diagram.
  If running Mplus from the Mplus Diagrammer, the diagram opens automatically.

  Diagram output
    c:\users\ts139c\dropbox\grants and applications\vaccineukri_rapid\taiwan\w6vaxitems2.dgm

     Beginning Time:  21:17:15
        Ending Time:  21:17:16
       Elapsed Time:  00:00:01



MUTHEN & MUTHEN
3463 Stoner Ave.
Los Angeles, CA  90066

Tel: (310) 391-9971
Fax: (310) 391-8971
Web: www.StatModel.com
Support: Support@StatModel.com

Copyright (c) 1998-2019 Muthen & Muthen
